#
# A fatal error has been detected by the Java Runtime Environment:
#
#  SIGSEGV (0xb) at pc=0x00007f53145ab9a9, pid=5038, tid=0x00007f52a3dfd700
#
# JRE version: Java(TM) SE Runtime Environment (8.0_181-b13) (build 1.8.0_181-b13)
# Java VM: Java HotSpot(TM) 64-Bit Server VM (25.181-b13 mixed mode linux-amd64 compressed oops)
# Problematic frame:
# j  fr.mbds.tp.User_$$_jvste37_3.isDirty(Ljava/lang/String;)Z+0
#
# Failed to write core dump. Core dumps have been disabled. To enable core dumping, try "ulimit -c unlimited" before starting Java again
#
# If you would like to submit a bug report, please visit:
#   http://bugreport.java.com/bugreport/crash.jsp
#

---------------  T H R E A D  ---------------

Current thread (0x00007f53259ff800):  JavaThread "http-nio-8081-exec-7" daemon [_thread_in_Java, id=5077, stack(0x00007f52a3cfd000,0x00007f52a3dfe000)]

siginfo: si_signo: 11 (SIGSEGV), si_code: 1 (SEGV_MAPERR), si_addr: 0x0000000000001fa0

Registers:
RAX=0x0000000084000000, RBX=0x0000000000000038, RCX=0x0000000000001fa0, RDX=0x0000000000000004
RSP=0x00007f52a3df3b10, RBP=0x00007f52a3df3b50, RSI=0x000000000000001f, RDI=0x00007f53259ff800
R8 =0x0000000000000000, R9 =0x000000000000001e, R10=0x00007f5329b82d40, R11=0x0000000000000002
R12=0x0000000000000000, R13=0x00007f5308943595, R14=0x00007f52a3df3b70, R15=0x00007f53259ff800
RIP=0x00007f53145ab9a9, EFLAGS=0x0000000000010246, CSGSFS=0x002b000000000033, ERR=0x0000000000000004
  TRAPNO=0x000000000000000e

Top of Stack: (sp=0x00007f52a3df3b10)
0x00007f52a3df3b10:   00007f52a3df3b10 00007f5308943590
0x00007f52a3df3b20:   00007f52a3df3b70 00007f5308947c60
0x00007f52a3df3b30:   0000000000000000 00007f53089435b8
0x00007f52a3df3b40:   0000000000000000 00007f52a3df3b68
0x00007f52a3df3b50:   00007f52a3df3bd0 00007f53145887a7
0x00007f52a3df3b60:   00000000d3f21158 00000000f41442d0
0x00007f52a3df3b70:   0000000000001fa0 00007f5325a00460
0x00007f52a3df3b80:   00007f53259ff800 00007f52a3df3c50
0x00007f52a3df3b90:   00007f52a3df3f60 00007f52a3df3c10
0x00007f52a3df3ba0:   00007f52a3df3c10 00007f52a3df3f68
0x00007f52a3df3bb0:   00007f520000000c 00007f53089435b8
0x00007f52a3df3bc0:   00007f531459b600 00007f52a3df3e58
0x00007f52a3df3bd0:   00007f52a3df3d40 00007f532923fa76
0x00007f52a3df3be0:   00007f5200000001 00007f53259ff800
0x00007f52a3df3bf0:   00007f52a3df3e50 00007f52a3df3f60
0x00007f52a3df3c00:   00007f531459b600 01007f530000000c
0x00007f52a3df3c10:   00007f53259ff800 00007f52940014e0
0x00007f52a3df3c20:   00007f53089435b8 00000000f41442d0
0x00007f52a3df3c30:   00007f52a3df4170 00007f5314c005f7
0x00007f52a3df3c40:   0000000000000000 00007f52a3df3f60
0x00007f52a3df3c50:   00007f53259ff800 00007f5325a00360
0x00007f52a3df3c60:   00007f5325a003a0 00007f5325a00478
0x00007f52a3df3c70:   00007f5325a00488 00000000000000d8
0x00007f52a3df3c80:   00007f52a3df48e0 00007f53148b7a2c
0x00007f52a3df3c90:   00007f53089435b8 00007f53259ff800
0x00007f52a3df3ca0:   00007f52a3df4770 00007f52a3df4580
0x00007f52a3df3cb0:   00007f53089435b8 00007f53259ff800
0x00007f52a3df3cc0:   00007f53148b77d0 00007f5309e2a7a8
0x00007f52a3df3cd0:   00007f52a3df3d40 00007f5329203de3
0x00007f52a3df3ce0:   00007f53089435b8 00007f53259ff800
0x00007f52a3df3cf0:   00007f52a3df4470 00007f53292c23c4
0x00007f52a3df3d00:   00007f53089435b8 00007f53259ff800 

Instructions: (pc=0x00007f53145ab9a9)
0x00007f53145ab989:   ff 4c 8b 6d c8 4c 8b 75 d0 c3 41 0f b7 55 01 48
0x00007f53145ab999:   8b 4d d8 c1 e2 02 48 8b 5c d1 20 8b 44 d1 28 59
0x00007f53145ab9a9:   48 3b 01 c1 e8 1c 83 e0 0f 0f 85 13 00 00 00 0f
0x00007f53145ab9b9:   be 04 19 50 b9 cc 00 00 00 41 88 4d 00 e9 e9 00 

Register to memory mapping:

RAX=0x0000000084000000 is an unknown value
RBX=0x0000000000000038 is an unknown value
RCX=0x0000000000001fa0 is an unknown value
RDX=0x0000000000000004 is an unknown value
RSP=0x00007f52a3df3b10 is pointing into the stack for thread: 0x00007f53259ff800
RBP=0x00007f52a3df3b50 is pointing into the stack for thread: 0x00007f53259ff800
RSI=0x000000000000001f is an unknown value
RDI=0x00007f53259ff800 is a thread
R8 =0x0000000000000000 is an unknown value
R9 =0x000000000000001e is an unknown value
R10=0x00007f5329b82d40: <offset 0xfdad40> in /usr/local/java/jdk1.8.0_181/jre/lib/amd64/server/libjvm.so at 0x00007f5328ba8000
R11=0x0000000000000002 is an unknown value
R12=0x0000000000000000 is an unknown value
R13=0x00007f5308943595 is pointing into metadata
R14=0x00007f52a3df3b70 is pointing into the stack for thread: 0x00007f53259ff800
R15=0x00007f53259ff800 is a thread


Stack: [0x00007f52a3cfd000,0x00007f52a3dfe000],  sp=0x00007f52a3df3b10,  free space=986k
Native frames: (J=compiled Java code, j=interpreted, Vv=VM code, C=native code)
j  fr.mbds.tp.User_$$_jvste37_3.isDirty(Ljava/lang/String;)Z+0
v  ~StubRoutines::call_stub
V  [libjvm.so+0x697a76]  JavaCalls::call_helper(JavaValue*, methodHandle*, JavaCallArguments*, Thread*)+0x1056
V  [libjvm.so+0x9a6737]  Reflection::invoke(instanceKlassHandle, methodHandle, Handle, bool, objArrayHandle, BasicType, objArrayHandle, bool, Thread*)+0x5d7
V  [libjvm.so+0x9a9e47]  Reflection::invoke_method(oopDesc*, Handle, objArrayHandle, Thread*)+0x147
V  [libjvm.so+0x729c7b]  JVM_InvokeMethod+0x26b
J 2464  sun.reflect.NativeMethodAccessorImpl.invoke0(Ljava/lang/reflect/Method;Ljava/lang/Object;[Ljava/lang/Object;)Ljava/lang/Object; (0 bytes) @ 0x00007f5314c0066d [0x00007f5314c00580+0xed]
J 2463 C1 sun.reflect.NativeMethodAccessorImpl.invoke(Ljava/lang/Object;[Ljava/lang/Object;)Ljava/lang/Object; (104 bytes) @ 0x00007f5314c00d14 [0x00007f5314c009a0+0x374]
J 776 C1 sun.reflect.DelegatingMethodAccessorImpl.invoke(Ljava/lang/Object;[Ljava/lang/Object;)Ljava/lang/Object; (10 bytes) @ 0x00007f5314916ec4 [0x00007f5314916e80+0x44]
J 775 C1 java.lang.reflect.Method.invoke(Ljava/lang/Object;[Ljava/lang/Object;)Ljava/lang/Object; (62 bytes) @ 0x00007f5314916ad4 [0x00007f53149169e0+0xf4]
J 1939 C1 org.springsource.loaded.ri.ReflectiveInterceptor.jlrMethodInvoke(Ljava/lang/reflect/Method;Ljava/lang/Object;[Ljava/lang/Object;)Ljava/lang/Object; (2214 bytes) @ 0x00007f5314af03dc [0x00007f5314aeeda0+0x163c]
J 3737 C1 org.codehaus.groovy.reflection.CachedMethod.invoke(Ljava/lang/Object;[Ljava/lang/Object;)Ljava/lang/Object; (70 bytes) @ 0x00007f5314eaf474 [0x00007f5314eaf440+0x34]
J 1957 C1 groovy.lang.MetaMethod.doMethodInvoke(Ljava/lang/Object;[Ljava/lang/Object;)Ljava/lang/Object; (22 bytes) @ 0x00007f5314b03554 [0x00007f5314b034e0+0x74]
J 4115 C1 org.codehaus.groovy.runtime.metaclass.MethodMetaProperty$GetBeanMethodMetaProperty.getProperty(Ljava/lang/Object;)Ljava/lang/Object; (12 bytes) @ 0x00007f5314f9e0cc [0x00007f5314f9e080+0x4c]
j  org.codehaus.groovy.runtime.callsite.GetEffectivePogoPropertySite.getProperty(Ljava/lang/Object;)Ljava/lang/Object;+5
j  org.codehaus.groovy.runtime.callsite.GetEffectivePogoPropertySite.callGetProperty(Ljava/lang/Object;)Ljava/lang/Object;+35
j  home_nadhel_IdeaProjects_grails_grails_app_views_message__table_gsp$_run_closure3.doCall(Ljava/lang/Object;)Ljava/lang/Object;+24
v  ~StubRoutines::call_stub
V  [libjvm.so+0x697a76]  JavaCalls::call_helper(JavaValue*, methodHandle*, JavaCallArguments*, Thread*)+0x1056
V  [libjvm.so+0x9a6737]  Reflection::invoke(instanceKlassHandle, methodHandle, Handle, bool, objArrayHandle, BasicType, objArrayHandle, bool, Thread*)+0x5d7
V  [libjvm.so+0x9a9e47]  Reflection::invoke_method(oopDesc*, Handle, objArrayHandle, Thread*)+0x147
V  [libjvm.so+0x729c7b]  JVM_InvokeMethod+0x26b
J 2464  sun.reflect.NativeMethodAccessorImpl.invoke0(Ljava/lang/reflect/Method;Ljava/lang/Object;[Ljava/lang/Object;)Ljava/lang/Object; (0 bytes) @ 0x00007f5314c0066d [0x00007f5314c00580+0xed]
J 2463 C1 sun.reflect.NativeMethodAccessorImpl.invoke(Ljava/lang/Object;[Ljava/lang/Object;)Ljava/lang/Object; (104 bytes) @ 0x00007f5314c00d14 [0x00007f5314c009a0+0x374]
J 776 C1 sun.reflect.DelegatingMethodAccessorImpl.invoke(Ljava/lang/Object;[Ljava/lang/Object;)Ljava/lang/Object; (10 bytes) @ 0x00007f5314916ec4 [0x00007f5314916e80+0x44]
J 775 C1 java.lang.reflect.Method.invoke(Ljava/lang/Object;[Ljava/lang/Object;)Ljava/lang/Object; (62 bytes) @ 0x00007f5314916ad4 [0x00007f53149169e0+0xf4]
J 1939 C1 org.springsource.loaded.ri.ReflectiveInterceptor.jlrMethodInvoke(Ljava/lang/reflect/Method;Ljava/lang/Object;[Ljava/lang/Object;)Ljava/lang/Object; (2214 bytes) @ 0x00007f5314af052c [0x00007f5314aeeda0+0x178c]
J 3737 C1 org.codehaus.groovy.reflection.CachedMethod.invoke(Ljava/lang/Object;[Ljava/lang/Object;)Ljava/lang/Object; (70 bytes) @ 0x00007f5314eaf474 [0x00007f5314eaf440+0x34]
J 1957 C1 groovy.lang.MetaMethod.doMethodInvoke(Ljava/lang/Object;[Ljava/lang/Object;)Ljava/lang/Object; (22 bytes) @ 0x00007f5314b03554 [0x00007f5314b034e0+0x74]
J 5555 C1 org.codehaus.groovy.runtime.metaclass.ClosureMetaClass.invokeMethod(Ljava/lang/Class;Ljava/lang/Object;Ljava/lang/String;[Ljava/lang/Object;ZZ)Ljava/lang/Object; (872 bytes) @ 0x00007f531524c5ec [0x00007f531524b440+0x11ac]
J 1937 C1 groovy.lang.MetaClassImpl.invokeMethod(Ljava/lang/Object;Ljava/lang/String;[Ljava/lang/Object;)Ljava/lang/Object; (14 bytes) @ 0x00007f5314aed25c [0x00007f5314aed200+0x5c]
J 5558 C1 groovy.lang.Closure.call([Ljava/lang/Object;)Ljava/lang/Object; (30 bytes) @ 0x00007f531524f0fc [0x00007f531524f080+0x7c]
J 6331 C1 groovy.lang.Closure.call(Ljava/lang/Object;)Ljava/lang/Object; (13 bytes) @ 0x00007f531537def4 [0x00007f531537ddc0+0x134]
J 8522 C1 org.grails.gsp.GroovyPage.evaluate(Ljava/lang/String;ILjava/lang/Object;Lgroovy/lang/Closure;)Ljava/lang/Object; (68 bytes) @ 0x00007f53157bed3c [0x00007f53157bece0+0x5c]
j  org.grails.gsp.GroovyPage$evaluate$5.callCurrent(Lgroovy/lang/GroovyObject;Ljava/lang/Object;Ljava/lang/Object;Ljava/lang/Object;Ljava/lang/Object;)Ljava/lang/Object;+33
j  home_nadhel_IdeaProjects_grails_grails_app_views_message__table_gsp.run()Ljava/lang/Object;+278
j  org.grails.gsp.GroovyPageWritable.doWriteTo(Lorg/grails/taglib/encoder/OutputContext;Ljava/io/Writer;)Ljava/io/Writer;+373
j  org.grails.gsp.GroovyPageWritable.writeTo(Ljava/io/Writer;)Ljava/io/Writer;+13
j  org.grails.web.gsp.GroovyPagesTemplateRenderer.makeTemplate(Lorg/grails/web/servlet/mvc/GrailsWebRequest;Lgroovy/text/Template;Ljava/util/Map;Ljava/lang/Object;Ljava/io/Writer;)V+326
j  org.grails.web.gsp.GroovyPagesTemplateRenderer.render(Lorg/grails/web/servlet/mvc/GrailsWebRequest;Lorg/grails/taglib/TemplateVariableBinding;Ljava/util/Map;Ljava/lang/Object;Ljava/io/Writer;)V+162
j  org.grails.plugins.web.taglib.RenderTagLib$_closure7.doCall(Ljava/util/Map;Ljava/lang/Object;)Ljava/lang/Object;+74
v  ~StubRoutines::call_stub
V  [libjvm.so+0x697a76]  JavaCalls::call_helper(JavaValue*, methodHandle*, JavaCallArguments*, Thread*)+0x1056
V  [libjvm.so+0x9a6737]  Reflection::invoke(instanceKlassHandle, methodHandle, Handle, bool, objArrayHandle, BasicType, objArrayHandle, bool, Thread*)+0x5d7
V  [libjvm.so+0x9a9e47]  Reflection::invoke_method(oopDesc*, Handle, objArrayHandle, Thread*)+0x147
V  [libjvm.so+0x729c7b]  JVM_InvokeMethod+0x26b
J 2464  sun.reflect.NativeMethodAccessorImpl.invoke0(Ljava/lang/reflect/Method;Ljava/lang/Object;[Ljava/lang/Object;)Ljava/lang/Object; (0 bytes) @ 0x00007f5314c0066d [0x00007f5314c00580+0xed]
J 2463 C1 sun.reflect.NativeMethodAccessorImpl.invoke(Ljava/lang/Object;[Ljava/lang/Object;)Ljava/lang/Object; (104 bytes) @ 0x00007f5314c00d14 [0x00007f5314c009a0+0x374]
J 776 C1 sun.reflect.DelegatingMethodAccessorImpl.invoke(Ljava/lang/Object;[Ljava/lang/Object;)Ljava/lang/Object; (10 bytes) @ 0x00007f5314916ec4 [0x00007f5314916e80+0x44]
J 775 C1 java.lang.reflect.Method.invoke(Ljava/lang/Object;[Ljava/lang/Object;)Ljava/lang/Object; (62 bytes) @ 0x00007f5314916ad4 [0x00007f53149169e0+0xf4]
J 1939 C1 org.springsource.loaded.ri.ReflectiveInterceptor.jlrMethodInvoke(Ljava/lang/reflect/Method;Ljava/lang/Object;[Ljava/lang/Object;)Ljava/lang/Object; (2214 bytes) @ 0x00007f5314af052c [0x00007f5314aeeda0+0x178c]
J 3737 C1 org.codehaus.groovy.reflection.CachedMethod.invoke(Ljava/lang/Object;[Ljava/lang/Object;)Ljava/lang/Object; (70 bytes) @ 0x00007f5314eaf474 [0x00007f5314eaf440+0x34]
J 1957 C1 groovy.lang.MetaMethod.doMethodInvoke(Ljava/lang/Object;[Ljava/lang/Object;)Ljava/lang/Object; (22 bytes) @ 0x00007f5314b03554 [0x00007f5314b034e0+0x74]
J 5555 C1 org.codehaus.groovy.runtime.metaclass.ClosureMetaClass.invokeMethod(Ljava/lang/Class;Ljava/lang/Object;Ljava/lang/String;[Ljava/lang/Object;ZZ)Ljava/lang/Object; (872 bytes) @ 0x00007f531524c5ec [0x00007f531524b440+0x11ac]
J 1937 C1 groovy.lang.MetaClassImpl.invokeMethod(Ljava/lang/Object;Ljava/lang/String;[Ljava/lang/Object;)Ljava/lang/Object; (14 bytes) @ 0x00007f5314aed25c [0x00007f5314aed200+0x5c]
J 5558 C1 groovy.lang.Closure.call([Ljava/lang/Object;)Ljava/lang/Object; (30 bytes) @ 0x00007f531524f0fc [0x00007f531524f080+0x7c]
j  org.grails.gsp.GroovyPage.invokeTagLibClosure(Ljava/lang/String;Ljava/lang/String;Lgroovy/lang/Closure;Ljava/util/Map;Lgroovy/lang/Closure;ZLjava/util/Map;)V+193
j  org.grails.gsp.GroovyPage.invokeTag(Ljava/lang/String;Ljava/lang/String;ILjava/util/Map;I)V+258
j  sun.reflect.GeneratedMethodAccessor128.invoke(Ljava/lang/Object;[Ljava/lang/Object;)Ljava/lang/Object;+220
J 776 C1 sun.reflect.DelegatingMethodAccessorImpl.invoke(Ljava/lang/Object;[Ljava/lang/Object;)Ljava/lang/Object; (10 bytes) @ 0x00007f5314916ec4 [0x00007f5314916e80+0x44]
J 775 C1 java.lang.reflect.Method.invoke(Ljava/lang/Object;[Ljava/lang/Object;)Ljava/lang/Object; (62 bytes) @ 0x00007f5314916ad4 [0x00007f53149169e0+0xf4]
J 1939 C1 org.springsource.loaded.ri.ReflectiveInterceptor.jlrMethodInvoke(Ljava/lang/reflect/Method;Ljava/lang/Object;[Ljava/lang/Object;)Ljava/lang/Object; (2214 bytes) @ 0x00007f5314af052c [0x00007f5314aeeda0+0x178c]
J 3737 C1 org.codehaus.groovy.reflection.CachedMethod.invoke(Ljava/lang/Object;[Ljava/lang/Object;)Ljava/lang/Object; (70 bytes) @ 0x00007f5314eaf474 [0x00007f5314eaf440+0x34]
J 1957 C1 groovy.lang.MetaMethod.doMethodInvoke(Ljava/lang/Object;[Ljava/lang/Object;)Ljava/lang/Object; (22 bytes) @ 0x00007f5314b03554 [0x00007f5314b034e0+0x74]
J 5555 C1 org.codehaus.groovy.runtime.metaclass.ClosureMetaClass.invokeMethod(Ljava/lang/Class;Ljava/lang/Object;Ljava/lang/String;[Ljava/lang/Object;ZZ)Ljava/lang/Object; (872 bytes) @ 0x00007f531524c5b4 [0x00007f531524b440+0x1174]
J 1937 C1 groovy.lang.MetaClassImpl.invokeMethod(Ljava/lang/Object;Ljava/lang/String;[Ljava/lang/Object;)Ljava/lang/Object; (14 bytes) @ 0x00007f5314aed25c [0x00007f5314aed200+0x5c]
J 7271 C1 org.codehaus.groovy.runtime.callsite.PogoMetaClassSite.callCurrent(Lgroovy/lang/GroovyObject;[Ljava/lang/Object;)Ljava/lang/Object; (92 bytes) @ 0x00007f531553354c [0x00007f5315533440+0x10c]
j  home_nadhel_IdeaProjects_grails_grails_app_views_message_index_gsp$_run_closure2.doCall()Ljava/lang/Object;+1056
v  ~StubRoutines::call_stub
V  [libjvm.so+0x697a76]  JavaCalls::call_helper(JavaValue*, methodHandle*, JavaCallArguments*, Thread*)+0x1056
V  [libjvm.so+0x9a6737]  Reflection::invoke(instanceKlassHandle, methodHandle, Handle, bool, objArrayHandle, BasicType, objArrayHandle, bool, Thread*)+0x5d7
V  [libjvm.so+0x9a9e47]  Reflection::invoke_method(oopDesc*, Handle, objArrayHandle, Thread*)+0x147
V  [libjvm.so+0x729c7b]  JVM_InvokeMethod+0x26b
J 2464  sun.reflect.NativeMethodAccessorImpl.invoke0(Ljava/lang/reflect/Method;Ljava/lang/Object;[Ljava/lang/Object;)Ljava/lang/Object; (0 bytes) @ 0x00007f5314c0066d [0x00007f5314c00580+0xed]
J 2463 C1 sun.reflect.NativeMethodAccessorImpl.invoke(Ljava/lang/Object;[Ljava/lang/Object;)Ljava/lang/Object; (104 bytes) @ 0x00007f5314c00d14 [0x00007f5314c009a0+0x374]
J 776 C1 sun.reflect.DelegatingMethodAccessorImpl.invoke(Ljava/lang/Object;[Ljava/lang/Object;)Ljava/lang/Object; (10 bytes) @ 0x00007f5314916ec4 [0x00007f5314916e80+0x44]
J 775 C1 java.lang.reflect.Method.invoke(Ljava/lang/Object;[Ljava/lang/Object;)Ljava/lang/Object; (62 bytes) @ 0x00007f5314916ad4 [0x00007f53149169e0+0xf4]
J 1939 C1 org.springsource.loaded.ri.ReflectiveInterceptor.jlrMethodInvoke(Ljava/lang/reflect/Method;Ljava/lang/Object;[Ljava/lang/Object;)Ljava/lang/Object; (2214 bytes) @ 0x00007f5314af052c [0x00007f5314aeeda0+0x178c]
J 3737 C1 org.codehaus.groovy.reflection.CachedMethod.invoke(Ljava/lang/Object;[Ljava/lang/Object;)Ljava/lang/Object; (70 bytes) @ 0x00007f5314eaf474 [0x00007f5314eaf440+0x34]
J 1957 C1 groovy.lang.MetaMethod.doMethodInvoke(Ljava/lang/Object;[Ljava/lang/Object;)Ljava/lang/Object; (22 bytes) @ 0x00007f5314b03554 [0x00007f5314b034e0+0x74]
J 5555 C1 org.codehaus.groovy.runtime.metaclass.ClosureMetaClass.invokeMethod(Ljava/lang/Class;Ljava/lang/Object;Ljava/lang/String;[Ljava/lang/Object;ZZ)Ljava/lang/Object; (872 bytes) @ 0x00007f531524c5ec [0x00007f531524b440+0x11ac]
J 1937 C1 groovy.lang.MetaClassImpl.invokeMethod(Ljava/lang/Object;Ljava/lang/String;[Ljava/lang/Object;)Ljava/lang/Object; (14 bytes) @ 0x00007f5314aed25c [0x00007f5314aed200+0x5c]
J 5558 C1 groovy.lang.Closure.call([Ljava/lang/Object;)Ljava/lang/Object; (30 bytes) @ 0x00007f531524f0fc [0x00007f531524f080+0x7c]
J 8023 C1 groovy.lang.Closure.call()Ljava/lang/Object; (10 bytes) @ 0x00007f53156c7b8c [0x00007f53156c7b40+0x4c]
j  org.grails.taglib.TagBodyClosure.executeClosure(Ljava/lang/Object;)Ljava/lang/Object;+27
j  org.grails.taglib.TagBodyClosure.captureClosureOutput(Ljava/lang/Object;Z)Ljava/lang/Object;+81
j  org.grails.taglib.TagBodyClosure.call()Ljava/lang/Object;+3
j  org.grails.plugins.web.taglib.SitemeshTagLib.captureTagContent(Lorg/grails/buffer/GrailsPrintWriter;Ljava/lang/String;Ljava/util/Map;Ljava/lang/Object;Z)Ljava/lang/Object;+43
j  org.grails.plugins.web.taglib.SitemeshTagLib.captureTagContent(Lorg/grails/buffer/GrailsPrintWriter;Ljava/lang/String;Ljava/util/Map;Ljava/lang/Object;)Ljava/lang/Object;+25
j  org.grails.plugins.web.taglib.SitemeshTagLib$_closure3.doCall(Ljava/util/Map;Ljava/lang/Object;)Ljava/lang/Object;+37
v  ~StubRoutines::call_stub
V  [libjvm.so+0x697a76]  JavaCalls::call_helper(JavaValue*, methodHandle*, JavaCallArguments*, Thread*)+0x1056
V  [libjvm.so+0x9a6737]  Reflection::invoke(instanceKlassHandle, methodHandle, Handle, bool, objArrayHandle, BasicType, objArrayHandle, bool, Thread*)+0x5d7
V  [libjvm.so+0x9a9e47]  Reflection::invoke_method(oopDesc*, Handle, objArrayHandle, Thread*)+0x147
V  [libjvm.so+0x729c7b]  JVM_InvokeMethod+0x26b
J 2464  sun.reflect.NativeMethodAccessorImpl.invoke0(Ljava/lang/reflect/Method;Ljava/lang/Object;[Ljava/lang/Object;)Ljava/lang/Object; (0 bytes) @ 0x00007f5314c0066d [0x00007f5314c00580+0xed]
J 2463 C1 sun.reflect.NativeMethodAccessorImpl.invoke(Ljava/lang/Object;[Ljava/lang/Object;)Ljava/lang/Object; (104 bytes) @ 0x00007f5314c00d14 [0x00007f5314c009a0+0x374]
J 776 C1 sun.reflect.DelegatingMethodAccessorImpl.invoke(Ljava/lang/Object;[Ljava/lang/Object;)Ljava/lang/Object; (10 bytes) @ 0x00007f5314916ec4 [0x00007f5314916e80+0x44]
J 775 C1 java.lang.reflect.Method.invoke(Ljava/lang/Object;[Ljava/lang/Object;)Ljava/lang/Object; (62 bytes) @ 0x00007f5314916ad4 [0x00007f53149169e0+0xf4]
J 1939 C1 org.springsource.loaded.ri.ReflectiveInterceptor.jlrMethodInvoke(Ljava/lang/reflect/Method;Ljava/lang/Object;[Ljava/lang/Object;)Ljava/lang/Object; (2214 bytes) @ 0x00007f5314af052c [0x00007f5314aeeda0+0x178c]
...<more frames>...


---------------  P R O C E S S  ---------------

Java Threads: ( => current thread )
  0x00007f5324016000 JavaThread "DestroyJavaVM" [_thread_blocked, id=5040, stack(0x00007f532a6e4000,0x00007f532a7e5000)]
  0x00007f5325a62000 JavaThread "Thread-6" daemon [_thread_blocked, id=5087, stack(0x00007f52a30f3000,0x00007f52a31f4000)]
  0x00007f5325a61800 JavaThread "Thread-8" [_thread_blocked, id=5086, stack(0x00007f52a31f4000,0x00007f52a32f5000)]
  0x00007f5325a5a000 JavaThread "Thread-7" daemon [_thread_in_native, id=5085, stack(0x00007f52a34f5000,0x00007f52a35f6000)]
  0x00007f5325a41800 JavaThread "http-nio-8081-AsyncTimeout" daemon [_thread_blocked, id=5084, stack(0x00007f52a35f6000,0x00007f52a36f7000)]
  0x00007f5325a40000 JavaThread "http-nio-8081-Acceptor-0" daemon [_thread_in_native, id=5083, stack(0x00007f52a36f7000,0x00007f52a37f8000)]
  0x00007f5325a3d800 JavaThread "http-nio-8081-ClientPoller-1" daemon [_thread_in_native, id=5082, stack(0x00007f52a37f8000,0x00007f52a38f9000)]
  0x00007f5325a23000 JavaThread "http-nio-8081-ClientPoller-0" daemon [_thread_in_native, id=5081, stack(0x00007f52a38f9000,0x00007f52a39fa000)]
  0x00007f5325a05800 JavaThread "http-nio-8081-exec-10" daemon [_thread_blocked, id=5080, stack(0x00007f52a39fa000,0x00007f52a3afb000)]
  0x00007f5325a03800 JavaThread "http-nio-8081-exec-9" daemon [_thread_blocked, id=5079, stack(0x00007f52a3afb000,0x00007f52a3bfc000)]
  0x00007f5325a01800 JavaThread "http-nio-8081-exec-8" daemon [_thread_blocked, id=5078, stack(0x00007f52a3bfc000,0x00007f52a3cfd000)]
=>0x00007f53259ff800 JavaThread "http-nio-8081-exec-7" daemon [_thread_in_Java, id=5077, stack(0x00007f52a3cfd000,0x00007f52a3dfe000)]
  0x00007f53259fd800 JavaThread "http-nio-8081-exec-6" daemon [_thread_blocked, id=5076, stack(0x00007f52a3dfe000,0x00007f52a3eff000)]
  0x00007f53259fb800 JavaThread "http-nio-8081-exec-5" daemon [_thread_blocked, id=5075, stack(0x00007f52a3eff000,0x00007f52a4000000)]
  0x00007f53259f9800 JavaThread "http-nio-8081-exec-4" daemon [_thread_blocked, id=5074, stack(0x00007f53000f6000,0x00007f53001f7000)]
  0x00007f53259f7800 JavaThread "http-nio-8081-exec-3" daemon [_thread_blocked, id=5073, stack(0x00007f53001f7000,0x00007f53002f8000)]
  0x00007f53259f5800 JavaThread "http-nio-8081-exec-2" daemon [_thread_blocked, id=5072, stack(0x00007f53002f8000,0x00007f53003f9000)]
  0x00007f53259f4000 JavaThread "http-nio-8081-exec-1" daemon [_thread_blocked, id=5071, stack(0x00007f53003f9000,0x00007f53004fa000)]
  0x00007f53259f1000 JavaThread "NioBlockingSelector.BlockPoller-1" daemon [_thread_in_native, id=5070, stack(0x00007f53004fa000,0x00007f53005fb000)]
  0x00007f53259cf800 JavaThread "pool-3-thread-1" [_thread_blocked, id=5069, stack(0x00007f53005fb000,0x00007f53006fc000)]
  0x00007f53252d4800 JavaThread "container-0" [_thread_blocked, id=5067, stack(0x00007f5300cfc000,0x00007f5300dfd000)]
  0x00007f53252d3000 JavaThread "ContainerBackgroundProcessor[StandardEngine[Tomcat]]" daemon [_thread_blocked, id=5066, stack(0x00007f5300dfd000,0x00007f5300efe000)]
  0x00007f53254a6000 JavaThread "Abandoned connection cleanup thread" daemon [_thread_blocked, id=5062, stack(0x00007f530a21d000,0x00007f530a31e000)]
  0x00007f532547b800 JavaThread "Tomcat JDBC Pool Cleaner[414493378:1538249345347]" daemon [_thread_blocked, id=5061, stack(0x00007f530adce000,0x00007f530aecf000)]
  0x00007f5324efe000 JavaThread "FileSystemWatcher: files=#53 cl=sun.misc.Launcher$AppClassLoader@18b4aac2" daemon [_thread_blocked, id=5060, stack(0x00007f530b0cf000,0x00007f530b1d0000)]
  0x00007f53247a6000 JavaThread "Service Thread" daemon [_thread_blocked, id=5056, stack(0x00007f530beff000,0x00007f530c000000)]
  0x00007f5324795800 JavaThread "C1 CompilerThread2" daemon [_thread_blocked, id=5055, stack(0x00007f53100a2000,0x00007f53101a3000)]
  0x00007f5324793000 JavaThread "C2 CompilerThread1" daemon [_thread_blocked, id=5054, stack(0x00007f53101a3000,0x00007f53102a4000)]
  0x00007f532479d800 JavaThread "C2 CompilerThread0" daemon [_thread_blocked, id=5053, stack(0x00007f53102a4000,0x00007f53103a5000)]
  0x00007f532418a800 JavaThread "Signal Dispatcher" daemon [_thread_blocked, id=5052, stack(0x00007f531099f000,0x00007f5310aa0000)]
  0x00007f5324157800 JavaThread "Finalizer" daemon [_thread_blocked, id=5051, stack(0x00007f5310d82000,0x00007f5310e83000)]
  0x00007f5324154800 JavaThread "Reference Handler" daemon [_thread_blocked, id=5050, stack(0x00007f5310e83000,0x00007f5310f84000)]

Other Threads:
  0x00007f532414b000 VMThread [stack: 0x00007f5310f84000,0x00007f5311085000] [id=5049]
  0x00007f53247a8800 WatcherThread [stack: 0x00007f530bdfe000,0x00007f530beff000] [id=5057]

VM state:not at safepoint (normal execution)

VM Mutex/Monitor currently owned by a thread: None

Heap:
 PSYoungGen      total 197120K, used 111170K [0x00000000f0000000, 0x0000000100000000, 0x0000000100000000)
  eden space 131584K, 54% used [0x00000000f0000000,0x00000000f4661858,0x00000000f8080000)
  from space 65536K, 59% used [0x00000000fc000000,0x00000000fe62f180,0x0000000100000000)
  to   space 65024K, 0% used [0x00000000f8080000,0x00000000f8080000,0x00000000fc000000)
 ParOldGen       total 524288K, used 96454K [0x00000000d0000000, 0x00000000f0000000, 0x00000000f0000000)
  object space 524288K, 18% used [0x00000000d0000000,0x00000000d5e31968,0x00000000f0000000)
 Metaspace       used 76611K, capacity 80018K, committed 80152K, reserved 1118208K
  class space    used 9582K, capacity 10769K, committed 10776K, reserved 1048576K

Card table byte_map: [0x00007f5314047000,0x00007f53141c8000] byte_map_base: 0x00007f53139c7000

Marking Bits: (ParMarkBitMap*) 0x00007f5329b7c0a0
 Begin Bits: [0x00007f5312343000, 0x00007f5312f43000)
 End Bits:   [0x00007f5312f43000, 0x00007f5313b43000)

Polling page: 0x00007f532a6e3000

CodeCache: size=245760Kb used=18661Kb max_used=18661Kb free=227099Kb
 bounds [0x00007f5314588000, 0x00007f53157c8000, 0x00007f5323588000]
 total_blobs=9146 nmethods=8350 adapters=709
 compilation: enabled

Compilation events (10 events):
Event: 425,477 Thread 0x00007f5324795800 nmethod 8524 0x00007f53157bfd50 code [0x00007f53157bfec0, 0x00007f53157c01f0]
Event: 425,477 Thread 0x00007f5324795800 8525       1       org.grails.buffer.StreamCharBuffer::getWriterForEncoder (29 bytes)
Event: 425,478 Thread 0x00007f5324795800 nmethod 8525 0x00007f53157c0410 code [0x00007f53157c0580, 0x00007f53157c08b0]
Event: 425,478 Thread 0x00007f5324795800 8527   !   1       sun.reflect.GeneratedMethodAccessor127::invoke (140 bytes)
Event: 425,479 Thread 0x00007f5324795800 nmethod 8527 0x00007f53157c0a90 code [0x00007f53157c0ca0, 0x00007f53157c13e8]
Event: 425,479 Thread 0x00007f5324795800 8526       1       grails.util.TypeConvertingMap::$getStaticMetaClass (39 bytes)
Event: 425,482 Thread 0x00007f5324795800 nmethod 8526 0x00007f53157c1c10 code [0x00007f53157c1e60, 0x00007f53157c2558]
Event: 425,482 Thread 0x00007f5324795800 8521       1       org.grails.buffer.FastStringWriter::<init> (22 bytes)
Event: 425,482 Thread 0x00007f5324795800 nmethod 8521 0x00007f53157c3250 code [0x00007f53157c33e0, 0x00007f53157c35e8]
Event: 425,498 Thread 0x00007f5324795800 8528   !   1       sun.reflect.GeneratedConstructorAccessor98::newInstance (249 bytes)

GC Heap History (10 events):
Event: 286,607 GC heap before
{Heap before GC invocations=31 (full 3):
 PSYoungGen      total 211456K, used 211375K [0x00000000f0000000, 0x0000000100000000, 0x0000000100000000)
  eden space 176128K, 100% used [0x00000000f0000000,0x00000000fac00000,0x00000000fac00000)
  from space 35328K, 99% used [0x00000000fac00000,0x00000000fce6bce8,0x00000000fce80000)
  to   space 45568K, 0% used [0x00000000fd380000,0x00000000fd380000,0x0000000100000000)
 ParOldGen       total 524288K, used 82206K [0x00000000d0000000, 0x00000000f0000000, 0x00000000f0000000)
  object space 524288K, 15% used [0x00000000d0000000,0x00000000d50478b8,0x00000000f0000000)
 Metaspace       used 71463K, capacity 74802K, committed 75032K, reserved 1114112K
  class space    used 9310K, capacity 10510K, committed 10520K, reserved 1048576K
Event: 286,695 GC heap after
Heap after GC invocations=31 (full 3):
 PSYoungGen      total 204288K, used 45086K [0x00000000f0000000, 0x0000000100000000, 0x0000000100000000)
  eden space 158720K, 0% used [0x00000000f0000000,0x00000000f0000000,0x00000000f9b00000)
  from space 45568K, 98% used [0x00000000fd380000,0x00000000fff87b88,0x0000000100000000)
  to   space 51712K, 0% used [0x00000000f9b00000,0x00000000f9b00000,0x00000000fcd80000)
 ParOldGen       total 524288K, used 82214K [0x00000000d0000000, 0x00000000f0000000, 0x00000000f0000000)
  object space 524288K, 15% used [0x00000000d0000000,0x00000000d50498b8,0x00000000f0000000)
 Metaspace       used 71463K, capacity 74802K, committed 75032K, reserved 1114112K
  class space    used 9310K, capacity 10510K, committed 10520K, reserved 1048576K
}
Event: 287,395 GC heap before
{Heap before GC invocations=32 (full 3):
 PSYoungGen      total 204288K, used 203806K [0x00000000f0000000, 0x0000000100000000, 0x0000000100000000)
  eden space 158720K, 100% used [0x00000000f0000000,0x00000000f9b00000,0x00000000f9b00000)
  from space 45568K, 98% used [0x00000000fd380000,0x00000000fff87b88,0x0000000100000000)
  to   space 51712K, 0% used [0x00000000f9b00000,0x00000000f9b00000,0x00000000fcd80000)
 ParOldGen       total 524288K, used 82214K [0x00000000d0000000, 0x00000000f0000000, 0x00000000f0000000)
  object space 524288K, 15% used [0x00000000d0000000,0x00000000d50498b8,0x00000000f0000000)
 Metaspace       used 72560K, capacity 75872K, committed 76184K, reserved 1114112K
  class space    used 9372K, capacity 10557K, committed 10648K, reserved 1048576K
Event: 287,469 GC heap after
Heap after GC invocations=32 (full 3):
 PSYoungGen      total 206336K, used 47388K [0x00000000f0000000, 0x0000000100000000, 0x0000000100000000)
  eden space 158720K, 0% used [0x00000000f0000000,0x00000000f0000000,0x00000000f9b00000)
  from space 47616K, 99% used [0x00000000f9b00000,0x00000000fc947388,0x00000000fc980000)
  to   space 55808K, 0% used [0x00000000fc980000,0x00000000fc980000,0x0000000100000000)
 ParOldGen       total 524288K, used 82222K [0x00000000d0000000, 0x00000000f0000000, 0x00000000f0000000)
  object space 524288K, 15% used [0x00000000d0000000,0x00000000d504b8b8,0x00000000f0000000)
 Metaspace       used 72560K, capacity 75872K, committed 76184K, reserved 1114112K
  class space    used 9372K, capacity 10557K, committed 10648K, reserved 1048576K
}
Event: 287,951 GC heap before
{Heap before GC invocations=33 (full 3):
 PSYoungGen      total 206336K, used 206108K [0x00000000f0000000, 0x0000000100000000, 0x0000000100000000)
  eden space 158720K, 100% used [0x00000000f0000000,0x00000000f9b00000,0x00000000f9b00000)
  from space 47616K, 99% used [0x00000000f9b00000,0x00000000fc947388,0x00000000fc980000)
  to   space 55808K, 0% used [0x00000000fc980000,0x00000000fc980000,0x0000000100000000)
 ParOldGen       total 524288K, used 82222K [0x00000000d0000000, 0x00000000f0000000, 0x00000000f0000000)
  object space 524288K, 15% used [0x00000000d0000000,0x00000000d504b8b8,0x00000000f0000000)
 Metaspace       used 73318K, capacity 76632K, committed 76952K, reserved 1116160K
  class space    used 9411K, capacity 10593K, committed 10648K, reserved 1048576K
Event: 288,056 GC heap after
Heap after GC invocations=33 (full 3):
 PSYoungGen      total 192000K, used 49783K [0x00000000f0000000, 0x0000000100000000, 0x0000000100000000)
  eden space 136192K, 0% used [0x00000000f0000000,0x00000000f0000000,0x00000000f8500000)
  from space 55808K, 89% used [0x00000000fc980000,0x00000000ffa1de20,0x0000000100000000)
  to   space 62976K, 0% used [0x00000000f8500000,0x00000000f8500000,0x00000000fc280000)
 ParOldGen       total 524288K, used 82230K [0x00000000d0000000, 0x00000000f0000000, 0x00000000f0000000)
  object space 524288K, 15% used [0x00000000d0000000,0x00000000d504d8b8,0x00000000f0000000)
 Metaspace       used 73318K, capacity 76632K, committed 76952K, reserved 1116160K
  class space    used 9411K, capacity 10593K, committed 10648K, reserved 1048576K
}
Event: 288,399 GC heap before
{Heap before GC invocations=34 (full 3):
 PSYoungGen      total 192000K, used 185975K [0x00000000f0000000, 0x0000000100000000, 0x0000000100000000)
  eden space 136192K, 100% used [0x00000000f0000000,0x00000000f8500000,0x00000000f8500000)
  from space 55808K, 89% used [0x00000000fc980000,0x00000000ffa1de20,0x0000000100000000)
  to   space 62976K, 0% used [0x00000000f8500000,0x00000000f8500000,0x00000000fc280000)
 ParOldGen       total 524288K, used 82230K [0x00000000d0000000, 0x00000000f0000000, 0x00000000f0000000)
  object space 524288K, 15% used [0x00000000d0000000,0x00000000d504d8b8,0x00000000f0000000)
 Metaspace       used 73666K, capacity 76990K, committed 77208K, reserved 1116160K
  class space    used 9426K, capacity 10626K, committed 10648K, reserved 1048576K
Event: 288,495 GC heap after
Heap after GC invocations=34 (full 3):
 PSYoungGen      total 182784K, used 46534K [0x00000000f0000000, 0x0000000100000000, 0x0000000100000000)
  eden space 136192K, 0% used [0x00000000f0000000,0x00000000f0000000,0x00000000f8500000)
  from space 46592K, 99% used [0x00000000f8500000,0x00000000fb271958,0x00000000fb280000)
  to   space 65536K, 0% used [0x00000000fc000000,0x00000000fc000000,0x0000000100000000)
 ParOldGen       total 524288K, used 86742K [0x00000000d0000000, 0x00000000f0000000, 0x00000000f0000000)
  object space 524288K, 16% used [0x00000000d0000000,0x00000000d54b58d8,0x00000000f0000000)
 Metaspace       used 73666K, capacity 76990K, committed 77208K, reserved 1116160K
  class space    used 9426K, capacity 10626K, committed 10648K, reserved 1048576K
}
Event: 289,028 GC heap before
{Heap before GC invocations=35 (full 3):
 PSYoungGen      total 182784K, used 182726K [0x00000000f0000000, 0x0000000100000000, 0x0000000100000000)
  eden space 136192K, 100% used [0x00000000f0000000,0x00000000f8500000,0x00000000f8500000)
  from space 46592K, 99% used [0x00000000f8500000,0x00000000fb271958,0x00000000fb280000)
  to   space 65536K, 0% used [0x00000000fc000000,0x00000000fc000000,0x0000000100000000)
 ParOldGen       total 524288K, used 86742K [0x00000000d0000000, 0x00000000f0000000, 0x00000000f0000000)
  object space 524288K, 16% used [0x00000000d0000000,0x00000000d54b58d8,0x00000000f0000000)
 Metaspace       used 76531K, capacity 79888K, committed 80152K, reserved 1118208K
  class space    used 9571K, capacity 10758K, committed 10776K, reserved 1048576K
Event: 289,122 GC heap after
Heap after GC invocations=35 (full 3):
 PSYoungGen      total 197120K, used 39100K [0x00000000f0000000, 0x0000000100000000, 0x0000000100000000)
  eden space 131584K, 0% used [0x00000000f0000000,0x00000000f0000000,0x00000000f8080000)
  from space 65536K, 59% used [0x00000000fc000000,0x00000000fe62f180,0x0000000100000000)
  to   space 65024K, 0% used [0x00000000f8080000,0x00000000f8080000,0x00000000fc000000)
 ParOldGen       total 524288K, used 96454K [0x00000000d0000000, 0x00000000f0000000, 0x00000000f0000000)
  object space 524288K, 18% used [0x00000000d0000000,0x00000000d5e31968,0x00000000f0000000)
 Metaspace       used 76531K, capacity 79888K, committed 80152K, reserved 1118208K
  class space    used 9571K, capacity 10758K, committed 10776K, reserved 1048576K
}

Deoptimization events (0 events):
No events

Classes redefined (0 events):
No events

Internal exceptions (10 events):
Event: 425,496 Thread 0x00007f53259ff800 Exception <a 'java/lang/ArrayIndexOutOfBoundsException'> (0x00000000f45d9f38) thrown at [/HUDSON/workspace/8-2-build-linux-amd64/jdk8u181/11358/hotspot/src/share/vm/runtime/sharedRuntime.cpp, line 605]
Event: 425,496 Thread 0x00007f53259ff800 Exception <a 'java/lang/ArrayIndexOutOfBoundsException'> (0x00000000f45dd338) thrown at [/HUDSON/workspace/8-2-build-linux-amd64/jdk8u181/11358/hotspot/src/share/vm/runtime/sharedRuntime.cpp, line 605]
Event: 425,496 Thread 0x00007f53259ff800 Exception <a 'java/lang/ArrayIndexOutOfBoundsException'> (0x00000000f45dffe0) thrown at [/HUDSON/workspace/8-2-build-linux-amd64/jdk8u181/11358/hotspot/src/share/vm/runtime/sharedRuntime.cpp, line 605]
Event: 425,496 Thread 0x00007f53259ff800 Exception <a 'java/lang/ArrayIndexOutOfBoundsException'> (0x00000000f45e2260) thrown at [/HUDSON/workspace/8-2-build-linux-amd64/jdk8u181/11358/hotspot/src/share/vm/runtime/sharedRuntime.cpp, line 605]
Event: 425,496 Thread 0x00007f53259ff800 Exception <a 'java/lang/ArrayIndexOutOfBoundsException'> (0x00000000f45eacc0) thrown at [/HUDSON/workspace/8-2-build-linux-amd64/jdk8u181/11358/hotspot/src/share/vm/runtime/sharedRuntime.cpp, line 605]
Event: 425,496 Thread 0x00007f53259ff800 Exception <a 'java/lang/ArrayIndexOutOfBoundsException'> (0x00000000f45ef498) thrown at [/HUDSON/workspace/8-2-build-linux-amd64/jdk8u181/11358/hotspot/src/share/vm/runtime/sharedRuntime.cpp, line 605]
Event: 425,497 Thread 0x00007f53259ff800 Exception <a 'java/lang/ArrayIndexOutOfBoundsException'> (0x00000000f45f5b58) thrown at [/HUDSON/workspace/8-2-build-linux-amd64/jdk8u181/11358/hotspot/src/share/vm/runtime/sharedRuntime.cpp, line 605]
Event: 425,497 Thread 0x00007f53259ff800 Exception <a 'java/lang/ArrayIndexOutOfBoundsException'> (0x00000000f45fad70) thrown at [/HUDSON/workspace/8-2-build-linux-amd64/jdk8u181/11358/hotspot/src/share/vm/runtime/sharedRuntime.cpp, line 605]
Event: 425,497 Thread 0x00007f53259ff800 Exception <a 'java/lang/ArrayIndexOutOfBoundsException'> (0x00000000f45ff5f8) thrown at [/HUDSON/workspace/8-2-build-linux-amd64/jdk8u181/11358/hotspot/src/share/vm/runtime/sharedRuntime.cpp, line 605]
Event: 425,497 Thread 0x00007f53259ff800 Exception <a 'java/lang/ArrayIndexOutOfBoundsException'> (0x00000000f4601558) thrown at [/HUDSON/workspace/8-2-build-linux-amd64/jdk8u181/11358/hotspot/src/share/vm/runtime/sharedRuntime.cpp, line 605]

Events (10 events):
Event: 425,485 loading class fr/mbds/tp/UserBeanInfo
Event: 425,485 loading class fr/mbds/tp/UserBeanInfo done
Event: 425,486 loading class fr/mbds/tp/UserBeanInfo
Event: 425,486 loading class fr/mbds/tp/UserBeanInfo done
Event: 425,486 loading class fr/mbds/tp/UserCustomizer
Event: 425,486 loading class fr/mbds/tp/UserCustomizer done
Event: 425,486 loading class fr/mbds/tp/UserCustomizer
Event: 425,486 loading class fr/mbds/tp/UserCustomizer done
Event: 425,487 loading class fr/mbds/tp/UserCustomizer
Event: 425,487 loading class fr/mbds/tp/UserCustomizer done


Dynamic libraries:
00400000-00401000 r-xp 00000000 08:02 4856852                            /usr/local/java/jdk1.8.0_181/bin/java
00600000-00601000 rw-p 00000000 08:02 4856852                            /usr/local/java/jdk1.8.0_181/bin/java
01954000-01b4f000 rw-p 00000000 00:00 0                                  [heap]
d0000000-100a86000 rw-p 00000000 00:00 0 
100a86000-140000000 ---p 00000000 00:00 0 
7f5288000000-7f5288053000 rw-p 00000000 00:00 0 
7f5288053000-7f528c000000 ---p 00000000 00:00 0 
7f5290000000-7f529004f000 rw-p 00000000 00:00 0 
7f529004f000-7f5294000000 ---p 00000000 00:00 0 
7f5294000000-7f52942f2000 rw-p 00000000 00:00 0 
7f52942f2000-7f5298000000 ---p 00000000 00:00 0 
7f5298000000-7f5298026000 rw-p 00000000 00:00 0 
7f5298026000-7f529c000000 ---p 00000000 00:00 0 
7f529c000000-7f529c227000 rw-p 00000000 00:00 0 
7f529c227000-7f52a0000000 ---p 00000000 00:00 0 
7f52a26f3000-7f52a28b3000 rw-p 00000000 00:00 0 
7f52a28b3000-7f52a28f3000 ---p 00000000 00:00 0 
7f52a28f3000-7f52a2af3000 rw-p 00000000 00:00 0 
7f52a2af3000-7f52a2cf3000 rw-p 00000000 00:00 0 
7f52a2cf3000-7f52a2ef3000 rw-p 00000000 00:00 0 
7f52a2ef3000-7f52a30f3000 rw-p 00000000 00:00 0 
7f52a30f3000-7f52a30f6000 ---p 00000000 00:00 0 
7f52a30f6000-7f52a31f4000 rw-p 00000000 00:00 0 
7f52a31f4000-7f52a31f7000 ---p 00000000 00:00 0 
7f52a31f7000-7f52a34f5000 rw-p 00000000 00:00 0 
7f52a34f5000-7f52a34f8000 ---p 00000000 00:00 0 
7f52a34f8000-7f52a35f6000 rw-p 00000000 00:00 0 
7f52a35f6000-7f52a35f9000 ---p 00000000 00:00 0 
7f52a35f9000-7f52a36f7000 rw-p 00000000 00:00 0 
7f52a36f7000-7f52a36fa000 ---p 00000000 00:00 0 
7f52a36fa000-7f52a37f8000 rw-p 00000000 00:00 0 
7f52a37f8000-7f52a37fb000 ---p 00000000 00:00 0 
7f52a37fb000-7f52a38f9000 rw-p 00000000 00:00 0 
7f52a38f9000-7f52a38fc000 ---p 00000000 00:00 0 
7f52a38fc000-7f52a39fa000 rw-p 00000000 00:00 0 
7f52a39fa000-7f52a39fd000 ---p 00000000 00:00 0 
7f52a39fd000-7f52a3afb000 rw-p 00000000 00:00 0 
7f52a3afb000-7f52a3afe000 ---p 00000000 00:00 0 
7f52a3afe000-7f52a3bfc000 rw-p 00000000 00:00 0 
7f52a3bfc000-7f52a3bff000 ---p 00000000 00:00 0 
7f52a3bff000-7f52a3cfd000 rw-p 00000000 00:00 0 
7f52a3cfd000-7f52a3d00000 ---p 00000000 00:00 0 
7f52a3d00000-7f52a3dfe000 rw-p 00000000 00:00 0 
7f52a3dfe000-7f52a3e01000 ---p 00000000 00:00 0 
7f52a3e01000-7f52a3eff000 rw-p 00000000 00:00 0 
7f52a3eff000-7f52a3f02000 ---p 00000000 00:00 0 
7f52a3f02000-7f52a4000000 rw-p 00000000 00:00 0 
7f52a4000000-7f52a409b000 rw-p 00000000 00:00 0 
7f52a409b000-7f52a8000000 ---p 00000000 00:00 0 
7f52a8000000-7f52a8024000 rw-p 00000000 00:00 0 
7f52a8024000-7f52ac000000 ---p 00000000 00:00 0 
7f52ac000000-7f52ac021000 rw-p 00000000 00:00 0 
7f52ac021000-7f52b0000000 ---p 00000000 00:00 0 
7f52b0000000-7f52b0281000 rw-p 00000000 00:00 0 
7f52b0281000-7f52b4000000 ---p 00000000 00:00 0 
7f52b4000000-7f52b4021000 rw-p 00000000 00:00 0 
7f52b4021000-7f52b8000000 ---p 00000000 00:00 0 
7f52b8000000-7f52b8021000 rw-p 00000000 00:00 0 
7f52b8021000-7f52bc000000 ---p 00000000 00:00 0 
7f52bc000000-7f52bc0c8000 rw-p 00000000 00:00 0 
7f52bc0c8000-7f52c0000000 ---p 00000000 00:00 0 
7f52c0000000-7f52c0021000 rw-p 00000000 00:00 0 
7f52c0021000-7f52c4000000 ---p 00000000 00:00 0 
7f52c4000000-7f52c4021000 rw-p 00000000 00:00 0 
7f52c4021000-7f52c8000000 ---p 00000000 00:00 0 
7f52c8000000-7f52c8021000 rw-p 00000000 00:00 0 
7f52c8021000-7f52cc000000 ---p 00000000 00:00 0 
7f52cc000000-7f52cc461000 rw-p 00000000 00:00 0 
7f52cc461000-7f52d0000000 ---p 00000000 00:00 0 
7f52d0000000-7f52d0024000 rw-p 00000000 00:00 0 
7f52d0024000-7f52d4000000 ---p 00000000 00:00 0 
7f52d4000000-7f52d4021000 rw-p 00000000 00:00 0 
7f52d4021000-7f52d8000000 ---p 00000000 00:00 0 
7f52d8000000-7f52d8021000 rw-p 00000000 00:00 0 
7f52d8021000-7f52dc000000 ---p 00000000 00:00 0 
7f52dc000000-7f52dc021000 rw-p 00000000 00:00 0 
7f52dc021000-7f52e0000000 ---p 00000000 00:00 0 
7f52e0000000-7f52e0c0c000 rw-p 00000000 00:00 0 
7f52e0c0c000-7f52e4000000 ---p 00000000 00:00 0 
7f52e4000000-7f52e4021000 rw-p 00000000 00:00 0 
7f52e4021000-7f52e8000000 ---p 00000000 00:00 0 
7f52e8000000-7f52e805e000 rw-p 00000000 00:00 0 
7f52e805e000-7f52ec000000 ---p 00000000 00:00 0 
7f52ec000000-7f52ec021000 rw-p 00000000 00:00 0 
7f52ec021000-7f52f0000000 ---p 00000000 00:00 0 
7f52f0000000-7f52f0021000 rw-p 00000000 00:00 0 
7f52f0021000-7f52f4000000 ---p 00000000 00:00 0 
7f52f4000000-7f52f4038000 rw-p 00000000 00:00 0 
7f52f4038000-7f52f8000000 ---p 00000000 00:00 0 
7f52f8000000-7f52f8024000 rw-p 00000000 00:00 0 
7f52f8024000-7f52fc000000 ---p 00000000 00:00 0 
7f52fc000000-7f52fc035000 rw-p 00000000 00:00 0 
7f52fc035000-7f5300000000 ---p 00000000 00:00 0 
7f53000f6000-7f53000f9000 ---p 00000000 00:00 0 
7f53000f9000-7f53001f7000 rw-p 00000000 00:00 0 
7f53001f7000-7f53001fa000 ---p 00000000 00:00 0 
7f53001fa000-7f53002f8000 rw-p 00000000 00:00 0 
7f53002f8000-7f53002fb000 ---p 00000000 00:00 0 
7f53002fb000-7f53003f9000 rw-p 00000000 00:00 0 
7f53003f9000-7f53003fc000 ---p 00000000 00:00 0 
7f53003fc000-7f53004fa000 rw-p 00000000 00:00 0 
7f53004fa000-7f53004fd000 ---p 00000000 00:00 0 
7f53004fd000-7f53005fb000 rw-p 00000000 00:00 0 
7f53005fb000-7f53005fe000 ---p 00000000 00:00 0 
7f53005fe000-7f53008fc000 rw-p 00000000 00:00 0 
7f53008fc000-7f5300afc000 rw-p 00000000 00:00 0 
7f5300afc000-7f5300cfc000 rw-p 00000000 00:00 0 
7f5300cfc000-7f5300cff000 ---p 00000000 00:00 0 
7f5300cff000-7f5300dfd000 rw-p 00000000 00:00 0 
7f5300dfd000-7f5300e00000 ---p 00000000 00:00 0 
7f5300e00000-7f5300efe000 rw-p 00000000 00:00 0 
7f5300efe000-7f5300f01000 ---p 00000000 00:00 0 
7f5300f01000-7f5304000000 rw-p 00000000 00:00 0 
7f5304000000-7f5304021000 rw-p 00000000 00:00 0 
7f5304021000-7f5308000000 ---p 00000000 00:00 0 
7f53080c2000-7f53082c2000 rw-p 00000000 00:00 0 
7f53082c2000-7f53084c2000 rw-p 00000000 00:00 0 
7f53084c2000-7f53084c5000 ---p 00000000 00:00 0 
7f53084c5000-7f53087c3000 rw-p 00000000 00:00 0 
7f53087c3000-7f53089c3000 rw-p 00000000 00:00 0 
7f53089c3000-7f5308bc3000 rw-p 00000000 00:00 0 
7f5308bc3000-7f5308dc3000 rw-p 00000000 00:00 0 
7f5308dc3000-7f5308fc3000 rw-p 00000000 00:00 0 
7f5308fc3000-7f53091c3000 rw-p 00000000 00:00 0 
7f53091c3000-7f53093c3000 rw-p 00000000 00:00 0 
7f53093c3000-7f53095c3000 rw-p 00000000 00:00 0 
7f53095c3000-7f53097c3000 rw-p 00000000 00:00 0 
7f53097c3000-7f53099c3000 rw-p 00000000 00:00 0 
7f53099c3000-7f530a1c3000 rw-p 00000000 00:00 0 
7f530a21d000-7f530a220000 ---p 00000000 00:00 0 
7f530a220000-7f530a51e000 rw-p 00000000 00:00 0 
7f530a51e000-7f530a5b3000 r--s 0110e000 08:02 5509919                    /usr/local/java/jdk1.8.0_181/jre/lib/ext/jfxrt.jar
7f530a5b8000-7f530a7b8000 rw-p 00000000 00:00 0 
7f530a7b8000-7f530a7c9000 r-xp 00000000 08:02 5387780                    /usr/local/java/jdk1.8.0_181/jre/lib/amd64/libnio.so
7f530a7c9000-7f530a9c8000 ---p 00011000 08:02 5387780                    /usr/local/java/jdk1.8.0_181/jre/lib/amd64/libnio.so
7f530a9c8000-7f530a9c9000 rw-p 00010000 08:02 5387780                    /usr/local/java/jdk1.8.0_181/jre/lib/amd64/libnio.so
7f530a9ce000-7f530abce000 rw-p 00000000 00:00 0 
7f530abce000-7f530adce000 rw-p 00000000 00:00 0 
7f530adce000-7f530add1000 ---p 00000000 00:00 0 
7f530add1000-7f530b0cf000 rw-p 00000000 00:00 0 
7f530b0cf000-7f530b0d2000 ---p 00000000 00:00 0 
7f530b0d2000-7f530b1d0000 rw-p 00000000 00:00 0 
7f530b1d0000-7f530b1d9000 r-xp 00000000 08:02 5387785                    /usr/local/java/jdk1.8.0_181/jre/lib/amd64/libmanagement.so
7f530b1d9000-7f530b3d8000 ---p 00009000 08:02 5387785                    /usr/local/java/jdk1.8.0_181/jre/lib/amd64/libmanagement.so
7f530b3d8000-7f530b3d9000 rw-p 00008000 08:02 5387785                    /usr/local/java/jdk1.8.0_181/jre/lib/amd64/libmanagement.so
7f530b3e0000-7f530b5e0000 rw-p 00000000 00:00 0 
7f530b5e0000-7f530b7e0000 rw-p 00000000 00:00 0 
7f530b7e0000-7f530b9e0000 rw-p 00000000 00:00 0 
7f530b9e0000-7f530bbe0000 rw-p 00000000 00:00 0 
7f530bbe0000-7f530bbf6000 r-xp 00000000 08:02 5387777                    /usr/local/java/jdk1.8.0_181/jre/lib/amd64/libnet.so
7f530bbf6000-7f530bdf6000 ---p 00016000 08:02 5387777                    /usr/local/java/jdk1.8.0_181/jre/lib/amd64/libnet.so
7f530bdf6000-7f530bdf7000 rw-p 00016000 08:02 5387777                    /usr/local/java/jdk1.8.0_181/jre/lib/amd64/libnet.so
7f530bdfe000-7f530bdff000 ---p 00000000 00:00 0 
7f530bdff000-7f530beff000 rw-p 00000000 00:00 0 
7f530beff000-7f530bf02000 ---p 00000000 00:00 0 
7f530bf02000-7f530c000000 rw-p 00000000 00:00 0 
7f530c000000-7f530c021000 rw-p 00000000 00:00 0 
7f530c021000-7f5310000000 ---p 00000000 00:00 0 
7f5310039000-7f531003e000 r--s 002f9000 08:02 5379798                    /usr/local/java/jdk1.8.0_181/jre/lib/charsets.jar
7f5310045000-7f5310058000 r--s 00345000 08:02 5379804                    /usr/local/java/jdk1.8.0_181/jre/lib/resources.jar
7f531005d000-7f5310062000 r--s 0009d000 08:02 5379805                    /usr/local/java/jdk1.8.0_181/jre/lib/jsse.jar
7f5310066000-7f5310070000 r--s 00116000 08:02 5509925                    /usr/local/java/jdk1.8.0_181/jre/lib/ext/localedata.jar
7f5310070000-7f5310077000 r--s 00000000 08:02 4988365                    /usr/lib/x86_64-linux-gnu/gconv/gconv-modules.cache
7f5310078000-7f531009e000 r--p 00000000 08:02 5509717                    /usr/share/locale-langpack/fr/LC_MESSAGES/libc.mo
7f53100a2000-7f53100a5000 ---p 00000000 00:00 0 
7f53100a5000-7f53101a3000 rw-p 00000000 00:00 0 
7f53101a3000-7f53101a6000 ---p 00000000 00:00 0 
7f53101a6000-7f53102a4000 rw-p 00000000 00:00 0 
7f53102a4000-7f53102a7000 ---p 00000000 00:00 0 
7f53102a7000-7f53103a5000 rw-p 00000000 00:00 0 
7f53103a5000-7f53103ac000 r--s 00065000 08:04 15991405                   /home/nadhel/.gradle/caches/modules-2/files-2.1/org.springframework/springloaded/1.2.8.RELEASE/b60bac05b0451cdc1863bfec617f39aa0dcaaa43/springloaded-1.2.8.RELEASE.jar
7f53103b2000-7f53103eb000 r--s 00382000 08:04 15991090                   /home/nadhel/.gradle/caches/modules-2/files-2.1/com.google.javascript/closure-compiler-unshaded/v20160713/7df7b683e16c93f65361a15356283599ba012c78/closure-compiler-unshaded-v20160713.jar
7f53103f1000-7f53103fe000 r--s 00109000 08:04 15991088                   /home/nadhel/.gradle/caches/modules-2/files-2.1/org.mozilla/rhino/1.7R4/e982f2136574b9a423186fbaeaaa98dc3e5a5288/rhino-1.7R4.jar
7f5310403000-7f5310410000 r--s 00083000 08:04 18351291                   /home/nadhel/.m2/repository/commons-collections/commons-collections/3.2.2/commons-collections-3.2.2.jar
7f5310417000-7f531041e000 r--s 0003f000 08:04 16515998                   /home/nadhel/.m2/repository/commons-codec/commons-codec/1.10/commons-codec-1.10.jar
7f5310424000-7f5310428000 r--s 0000c000 08:04 13501143                   /home/nadhel/.m2/repository/javax/validation/validation-api/1.1.0.Final/validation-api-1.1.0.Final.jar
7f5310429000-7f531042c000 r--s 00029000 08:04 15991162                   /home/nadhel/.gradle/caches/modules-2/files-2.1/commons-validator/commons-validator/1.5.1/86d05a46e8f064b300657f751b5a98c62807e2a0/commons-validator-1.5.1.jar
7f531042f000-7f5310435000 r--s 00027000 08:04 16122404                   /home/nadhel/.gradle/caches/modules-2/files-2.1/opensymphony/sitemesh/2.4/fa84c82cce30a9a632c08dd2277d63993d972cf5/sitemesh-2.4.jar
7f5310437000-7f5310439000 r--s 00007000 08:04 16122402                   /home/nadhel/.gradle/caches/modules-2/files-2.1/org.grails/grails-web-taglib/3.3.1/ca323146797a4ff2bb4f630890f4c400a0860395/grails-web-taglib-3.3.1.jar
7f531043d000-7f5310440000 r--s 00015000 08:04 16122400                   /home/nadhel/.gradle/caches/modules-2/files-2.1/org.grails/grails-taglib/3.3.1/772e8b5f992f6602cab07c7a58ab2924f97eed02/grails-taglib-3.3.1.jar
7f5310445000-7f5310448000 r--s 0001d000 08:04 15991040                   /home/nadhel/.gradle/caches/modules-2/files-2.1/org.codehaus.groovy/groovy-json/2.4.15/f6f6890181821246398cd44ba1fdf74f55717697/groovy-json-2.4.15.jar
7f531044a000-7f531044e000 r--s 00042000 08:04 16122398                   /home/nadhel/.gradle/caches/modules-2/files-2.1/com.fasterxml.jackson.core/jackson-core/2.8.11/876ead1db19f0c9e79c9789273a3ef8c6fd6c29b/jackson-core-2.8.11.jar
7f5310453000-7f5310456000 r--s 0000b000 08:04 13501146                   /home/nadhel/.m2/repository/com/fasterxml/jackson/core/jackson-annotations/2.8.0/jackson-annotations-2.8.0.jar
7f5310458000-7f531045a000 r--s 00000000 08:04 13894488                   /home/nadhel/.m2/repository/aopalliance/aopalliance/1.0/aopalliance-1.0.jar
7f531045d000-7f531045e000 r--s 00005000 08:04 16122396                   /home/nadhel/.gradle/caches/modules-2/files-2.1/org.grails/grails-codecs/3.3.8/f4e7982847a92749a25f31adf972c61b38ed87f8/grails-codecs-3.3.8.jar
7f5310465000-7f531046e000 r--s 0002d000 08:04 16122394                   /home/nadhel/.gradle/caches/modules-2/files-2.1/xml-apis/xml-apis/1.4.01/3789d9fada2d3d458c4ba2de349d48780f381ee3/xml-apis-1.4.01.jar
7f5310470000-7f5310472000 r--s 00008000 08:04 15991086                   /home/nadhel/.gradle/caches/modules-2/files-2.1/javax.el/javax.el-api/2.2.4/1287562cc3f0ff5439ded6f2949e73ce1c0edaab/javax.el-api-2.2.4.jar
7f5310479000-7f531048a000 r--s 000a1000 08:04 16122392                   /home/nadhel/.gradle/caches/modules-2/files-2.1/org.hibernate/hibernate-validator/5.3.6.Final/4c730be8bf55a8e9a61e79a2f2c079abf48b718/hibernate-validator-5.3.6.Final.jar
7f531048f000-7f5310497000 r--s 0005f000 08:04 15991082                   /home/nadhel/.gradle/caches/modules-2/files-2.1/org.grails/grails-datastore-gorm-hibernate-core/6.1.10.RELEASE/f9399493d6803451b6380b9b782e6435f7fb9971/grails-datastore-gorm-hibernate-core-6.1.10.RELEASE.jar
7f5310499000-7f53104ab000 r--s 000b9000 08:04 15991074                   /home/nadhel/.gradle/caches/modules-2/files-2.1/org.springframework/spring-web/4.3.18.RELEASE/e41042a70a7d80da52261c1dfc569c7518b70dce/spring-web-4.3.18.RELEASE.jar
7f53104ae000-7f53104b3000 r--s 00026000 08:04 16122390                   /home/nadhel/.gradle/caches/modules-2/files-2.1/org.grails/scaffolding-core/1.1.1/c79e9bd310896f3afbba331170c54fa2ce7f9a5d/scaffolding-core-1.1.1.jar
7f53104b6000-7f53104b9000 r--s 00016000 08:04 15991130                   /home/nadhel/.gradle/caches/modules-2/files-2.1/org.grails/grails-datastore-gorm-validation/6.1.10.RELEASE/75d8a598a9dbe80069146fdd844efe2a9cd6c35f/grails-datastore-gorm-validation-6.1.10.RELEASE.jar
7f53104bc000-7f53104be000 r--s 00014000 08:04 16122388                   /home/nadhel/.gradle/caches/modules-2/files-2.1/org.apache.tomcat.embed/tomcat-embed-logging-log4j/8.5.2/53bdd1eebc7393713261d178ac096a742423f940/tomcat-embed-logging-log4j-8.5.2.jar
7f53104c0000-7f53104d1000 r--s 000d0000 08:04 15991078                   /home/nadhel/.gradle/caches/modules-2/files-2.1/org.grails/grails-datastore-gorm/6.1.10.RELEASE/e748f1a1100aca901b280e37991d822364c01378/grails-datastore-gorm-6.1.10.RELEASE.jar
7f53104d2000-7f53104d5000 r--s 00012000 08:04 16122386                   /home/nadhel/.gradle/caches/modules-2/files-2.1/org.codehaus.groovy/groovy-sql/2.4.15/591ed2582868cb47fcac04eb50923faf52bfd231/groovy-sql-2.4.15.jar
7f53104d8000-7f53104e2000 r--s 00060000 08:04 15991134                   /home/nadhel/.gradle/caches/modules-2/files-2.1/org.springframework/spring-jdbc/4.3.18.RELEASE/816bc40759cd07ec50b86b1472aa021813387114/spring-jdbc-4.3.18.RELEASE.jar
7f53104e6000-7f53104e8000 r--s 00006000 08:04 16122384                   /home/nadhel/.gradle/caches/modules-2/files-2.1/org.grails/grails-plugin-domain-class/3.3.8/ed5b2131d09e557784bc454274ddaa3faf848c03/grails-plugin-domain-class-3.3.8.jar
7f53104ec000-7f53104ed000 r--s 00004000 08:04 16122382                   /home/nadhel/.gradle/caches/modules-2/files-2.1/org.grails/grails-plugin-validation/3.3.8/b52a0d5ec7d75703677c24d9c759b51ccb4291b5/grails-plugin-validation-3.3.8.jar
7f53104f1000-7f53104f3000 r--s 00009000 08:04 16122380                   /home/nadhel/.gradle/caches/modules-2/files-2.1/org.grails/grails-plugin-mimetypes/3.3.8/6efd7478161e84cd8c08b80465da3df5bbd0b1d3/grails-plugin-mimetypes-3.3.8.jar
7f53104f3000-7f53104f5000 r--s 0000b000 08:04 16122378                   /home/nadhel/.gradle/caches/modules-2/files-2.1/org.grails/grails-web-sitemesh/3.3.1/d639808f26ff1e16e32cb86129fd847961575abe/grails-web-sitemesh-3.3.1.jar
7f53104f9000-7f53104fb000 r--s 00011000 08:04 16122376                   /home/nadhel/.gradle/caches/modules-2/files-2.1/org.grails/grails-web-gsp/3.3.1/5670ed8376f739528fdb21de0514d2cc22c5a276/grails-web-gsp-3.3.1.jar
7f53104fd000-7f53104fe000 r--s 00005000 08:04 16122374                   /home/nadhel/.gradle/caches/modules-2/files-2.1/org.grails/grails-web-mvc/3.3.8/425ab101208d3865e9722ae79583bf2d933d6714/grails-web-mvc-3.3.8.jar
7f5310502000-7f5310505000 r--s 0002a000 08:04 16122372                   /home/nadhel/.gradle/caches/modules-2/files-2.1/org.grails/grails-web-url-mappings/3.3.8/eeb5dc5408de15afb394a69b3e9f766c45d51a34/grails-web-url-mappings-3.3.8.jar
7f531050c000-7f531050f000 r--s 00014000 08:04 16122370                   /home/nadhel/.gradle/caches/modules-2/files-2.1/org.grails/grails-web-databinding/3.3.8/3c852dd8c191eeffbe0c760bda80d97bc67dc5aa/grails-web-databinding-3.3.8.jar
7f5310511000-7f5310516000 r--s 00029000 08:04 16122368                   /home/nadhel/.gradle/caches/modules-2/files-2.1/org.springframework/spring-context-support/4.3.18.RELEASE/d14d5b7c7fd060e345d5aebbe151e27d2c69ba6a/spring-context-support-4.3.18.RELEASE.jar
7f5310518000-7f5310529000 r--s 000d0000 08:04 16122366                   /home/nadhel/.gradle/caches/modules-2/files-2.1/org.springframework/spring-webmvc/4.3.18.RELEASE/67ad7f59830df97ab73f8c7ab53ea33ae7dcb68/spring-webmvc-4.3.18.RELEASE.jar
7f531052f000-7f5310532000 r--s 00027000 08:04 16122364                   /home/nadhel/.gradle/caches/modules-2/files-2.1/org.grails/grails-gsp/3.3.1/88115473871aeb898b590958ef2ba8a9cbd7dbb0/grails-gsp-3.3.1.jar
7f5310539000-7f531053e000 r--s 00029000 08:04 16122362                   /home/nadhel/.gradle/caches/modules-2/files-2.1/org.grails/grails-encoder/3.3.8/abe512a81f4e5369bc88c8c4259e39576a6565b4/grails-encoder-3.3.8.jar
7f531053f000-7f5310542000 r--s 0000f000 08:04 16122360                   /home/nadhel/.gradle/caches/modules-2/files-2.1/org.grails/grails-databinding/3.3.8/e3a1cdca8521b71d1e07645ec2bfe34493930c42/grails-databinding-3.3.8.jar
7f5310542000-7f5310544000 r--s 00002000 08:04 16122358                   /home/nadhel/.gradle/caches/modules-2/files-2.1/org.apache.tomcat/tomcat-annotations-api/8.5.32/bc805a49362036d2705bbe051053f11120869fd/tomcat-annotations-api-8.5.32.jar
7f5310547000-7f5310559000 r--s 0011f000 08:04 16122356                   /home/nadhel/.gradle/caches/modules-2/files-2.1/com.fasterxml.jackson.core/jackson-databind/2.8.11.2/2c5051e8e84d2c16316b758ebf746f9e90bef5a4/jackson-databind-2.8.11.2.jar
7f531055b000-7f531055c000 r--s 00003000 08:04 15991128                   /home/nadhel/.gradle/caches/modules-2/files-2.1/javax.transaction/jta/1.1/2ca09f0b36ca7d71b762e14ea2ff09d5eac57558/jta-1.1.jar
7f531055d000-7f5310563000 r--s 0003d000 08:04 13501137                   /home/nadhel/.m2/repository/org/yaml/snakeyaml/1.17/snakeyaml-1.17.jar
7f5310566000-7f5310569000 r--s 00016000 08:04 15991056                   /home/nadhel/.gradle/caches/modules-2/files-2.1/org.codehaus.groovy/groovy-templates/2.4.15/b5cbe971f2950452c1d431ea0135dd8de2d5f58e/groovy-templates-2.4.15.jar
7f5310569000-7f531056d000 r--s 00031000 08:04 15991054                   /home/nadhel/.gradle/caches/modules-2/files-2.1/org.codehaus.groovy/groovy-xml/2.4.15/40865f59469e6b0808c9c304bd17038997220c72/groovy-xml-2.4.15.jar
7f531056e000-7f5310574000 r--s 0003e000 08:04 16122354                   /home/nadhel/.gradle/caches/modules-2/files-2.1/org.springframework/spring-expression/4.3.18.RELEASE/64f2270bfd9d615c8c3b9d94995867f39391ed30/spring-expression-4.3.18.RELEASE.jar
7f5310574000-7f531057d000 r--s 00054000 08:04 16122352                   /home/nadhel/.gradle/caches/modules-2/files-2.1/org.springframework/spring-aop/4.3.18.RELEASE/dd930265a504563d76de79864ae3196f6e9035e0/spring-aop-4.3.18.RELEASE.jar
7f531057e000-7f5310580000 r--s 0000e000 08:04 13894456                   /home/nadhel/.m2/repository/commons-logging/commons-logging/1.2/commons-logging-1.2.jar
7f5310582000-7f531058d000 r--s 0006a000 08:04 13501133                   /home/nadhel/.m2/repository/ch/qos/logback/logback-core/1.1.11/logback-core-1.1.11.jar
7f5310591000-7f5310595000 r--s 00049000 08:04 15991034                   /home/nadhel/.gradle/caches/modules-2/files-2.1/com.bertramlabs.plugins/asset-pipeline-core/2.14.8/4e1c17bbfb623fc66df7e5577a0be11973749cd7/asset-pipeline-core-2.14.8.jar
7f531059b000-7f531059d000 r--s 0000b000 08:04 16122350                   /home/nadhel/.gradle/caches/modules-2/files-2.1/org.apache.tomcat/tomcat-juli/8.5.32/c659f0c0bc6e1124bf3461ca51b25724a2335cf6/tomcat-juli-8.5.32.jar
7f531059f000-7f53105a1000 r--s 00007000 08:04 16122348                   /home/nadhel/.gradle/caches/modules-2/files-2.1/javax.el/el-api/2.1.2-b03/1ac087d9d1a632d2ff82fa1e8b6610aca025ff2a/el-api-2.1.2-b03.jar
7f53105a4000-7f53105af000 r--s 00054000 08:04 16384079                   /home/nadhel/.gradle/caches/modules-2/files-2.1/org.springframework.security/spring-security-web/4.2.7.RELEASE/d15e32de9efe00355f8cdd7cf61d98ae886dcd94/spring-security-web-4.2.7.RELEASE.jar
7f53105b2000-7f53105bf000 r--s 0005a000 08:04 16384077                   /home/nadhel/.gradle/caches/modules-2/files-2.1/org.springframework.security/spring-security-core/4.2.7.RELEASE/3b74ac31cb84d1cab6dcc55887391dfe593a30f6/spring-security-core-4.2.7.RELEASE.jar
7f53105c4000-7f531069f000 r--s 007c4000 08:04 16384075                   /home/nadhel/.gradle/caches/modules-2/files-2.1/net.sf.ehcache/ehcache/2.10.5/74c1ec0a88bf20a14edb1b30a92b4c33cc6ea6b0/ehcache-2.10.5.jar
7f531069f000-7f53106a1000 r--s 0001f000 08:04 16122346                   /home/nadhel/.gradle/caches/modules-2/files-2.1/org.grails/grails-web-jsp/3.3.1/e45c3adb5f6fc6c7761227457d09114ec41c55fe/grails-web-jsp-3.3.1.jar
7f53106a4000-7f53106a5000 r--s 00004000 08:04 16122344                   /home/nadhel/.gradle/caches/modules-2/files-2.1/org.grails/grails-plugin-codecs/3.3.8/55f4d0afad4134069100cdb952fb156129ad1af1/grails-plugin-codecs-3.3.8.jar
7f53106a9000-7f53106ae000 r--s 00041000 08:04 12193907                   /home/nadhel/.m2/repository/commons-lang/commons-lang/2.6/commons-lang-2.6.jar
7f53106b3000-7f53106b5000 r--s 0000b000 08:04 16122340                   /home/nadhel/.gradle/caches/modules-2/files-2.1/org.grails/grails-web-gsp-taglib/3.3.1/28e0c0776c9f5c6109b79a89860161db3369fe81/grails-web-gsp-taglib-3.3.1.jar
7f53106b8000-7f53106bb000 r--s 00010000 08:04 13501178                   /home/nadhel/.m2/repository/org/hibernate/common/hibernate-commons-annotations/5.0.1.Final/hibernate-commons-annotations-5.0.1.Final.jar
7f53106c0000-7f53106c5000 r--s 00048000 08:04 13501177                   /home/nadhel/.m2/repository/dom4j/dom4j/1.6.1/dom4j-1.6.1.jar
7f53106c6000-7f53106c8000 r--s 0000e000 08:04 13501144                   /home/nadhel/.m2/repository/com/fasterxml/classmate/1.3.4/classmate-1.3.4.jar
7f53106cb000-7f53106ce000 r--s 0002b000 08:04 15991068                   /home/nadhel/.gradle/caches/modules-2/files-2.1/org.jboss/jandex/2.0.3.Final/bfc4d6257dbff7a33a357f0de116be6ff951d849/jandex-2.0.3.Final.jar
7f53106d3000-7f53106d4000 r--s 00003000 08:04 13501175                   /home/nadhel/.m2/repository/org/apache/geronimo/specs/geronimo-jta_1.1_spec/1.1.1/geronimo-jta_1.1_spec-1.1.1.jar
7f53106d8000-7f53106dd000 r--s 00068000 08:04 13501174                   /home/nadhel/.m2/repository/antlr/antlr/2.7.7/antlr-2.7.7.jar
7f53106df000-7f53106e1000 r--s 0000f000 08:04 16122338                   /home/nadhel/.gradle/caches/modules-2/files-2.1/org.jboss.logging/jboss-logging/3.3.2.Final/3789d00e859632e6c6206adc0c71625559e6e3b0/jboss-logging-3.3.2.Final.jar
7f53106e3000-7f53106ed000 r--s 0006b000 08:04 15991170                   /home/nadhel/.gradle/caches/modules-2/files-2.1/org.springframework/spring-orm/4.3.18.RELEASE/f5f7cef67e9729f0f96a89441ae24980c7339da8/spring-orm-4.3.18.RELEASE.jar
7f53106f1000-7f53106f5000 r--s 00039000 08:04 15991032                   /home/nadhel/.gradle/caches/modules-2/files-2.1/org.grails/grails-datastore-gorm-hibernate5/6.1.10.RELEASE/e936dddf7b76f8d21d21ae1e4b995bd1f0e02ddf/grails-datastore-gorm-hibernate5-6.1.10.RELEASE.jar
7f53106fa000-7f53106fd000 r--s 00012000 08:04 15991030                   /home/nadhel/.gradle/caches/modules-2/files-2.1/org.grails/grails-datastore-gorm-support/6.1.10.RELEASE/2bb769978840f8ac440252c03ae5dd6e472cc07e/grails-datastore-gorm-support-6.1.10.RELEASE.jar
7f5310702000-7f5310703000 r--s 00002000 08:04 15991028                   /home/nadhel/.gradle/caches/modules-2/files-2.1/org.grails/grails-datastore-web/6.1.10.RELEASE/699f0312c2f584da0d5cc71fcf9f04410fbedec5/grails-datastore-web-6.1.10.RELEASE.jar
7f5310703000-7f5310705000 r--s 00003000 08:04 16122336                   /home/nadhel/.gradle/caches/modules-2/files-2.1/org.grails/grails-events-compat/3.3.2/1250482ac83841a19c75b150777a2d2c28592d33/grails-events-compat-3.3.2.jar
7f5310707000-7f5310708000 r--s 00007000 08:04 16122334                   /home/nadhel/.gradle/caches/modules-2/files-2.1/org.grails/grails-events-transform/3.3.2/645c93ccb03ea27a23d6ac25265b01e5a63b9525/grails-events-transform-3.3.2.jar
7f531070b000-7f531070d000 r--s 0000b000 08:04 16122332                   /home/nadhel/.gradle/caches/modules-2/files-2.1/org.grails/grails-events/3.3.2/a4c70fc8c391d8060d715ea68bfe4ff87761fd02/grails-events-3.3.2.jar
7f5310710000-7f5310712000 r--s 00020000 08:04 16122330                   /home/nadhel/.gradle/caches/modules-2/files-2.1/org.grails.plugins/fields/2.2.8/bfb21b4e1c05db9f105159d12bcac0389b1ac464/fields-2.2.8.jar
7f5310716000-7f5310719000 r--s 0000e000 08:04 16122328                   /home/nadhel/.gradle/caches/modules-2/files-2.1/org.grails/grails-async/3.3.2/df2d4d6d96161b1105298a951c6fff31dd52e1e9/grails-async-3.3.2.jar
7f531071a000-7f5310724000 r--s 000aa000 08:04 13501173                   /home/nadhel/.m2/repository/org/javassist/javassist/3.21.0-GA/javassist-3.21.0-GA.jar
7f5310726000-7f5310729000 r--s 00016000 08:04 16122326                   /home/nadhel/.gradle/caches/modules-2/files-2.1/org.grails/grails-validation/3.3.8/ea17d94d6f6943742cc56ecc4614ff5ce1b05d27/grails-validation-3.3.8.jar
7f531072e000-7f5310732000 r--s 0001e000 08:04 16122324                   /home/nadhel/.gradle/caches/modules-2/files-2.1/org.grails.plugins/converters/3.3.1/afc1ea5fa7d7d52e83017856fa5a651d38145048/converters-3.3.1.jar
7f5310735000-7f5310737000 r--s 00005000 08:04 16122322                   /home/nadhel/.gradle/caches/modules-2/files-2.1/org.grails/grails-plugin-datasource/3.3.8/a95588e21436d6d3b1baa8cedae2a06c52a7bf0c/grails-plugin-datasource-3.3.8.jar
7f5310739000-7f531073c000 r--s 00019000 08:04 16122320                   /home/nadhel/.gradle/caches/modules-2/files-2.1/org.grails/grails-plugin-controllers/3.3.8/7f0c6309c03c0b844e83161451f59ddda2079f48/grails-plugin-controllers-3.3.8.jar
7f531073d000-7f531073e000 r--s 00005000 08:04 16122318                   /home/nadhel/.gradle/caches/modules-2/files-2.1/org.grails/grails-web/3.3.8/4aa794850b39b2359652e1ae0cbe151c25ed48c/grails-web-3.3.8.jar
7f5310740000-7f5310744000 r--s 00028000 08:04 16122316                   /home/nadhel/.gradle/caches/modules-2/files-2.1/org.grails/grails-web-common/3.3.8/b31f5b9ea65cdb0640cecf0b7ae6e20de617aad7/grails-web-common-3.3.8.jar
7f531074a000-7f531074f000 r--s 0003a000 08:04 16122314                   /home/nadhel/.gradle/caches/modules-2/files-2.1/org.apache.tomcat.embed/tomcat-embed-websocket/8.5.32/ea5302e378f1449d4e5dda79e8d810c1e7931f91/tomcat-embed-websocket-8.5.32.jar
7f531074f000-7f5310754000 r--s 00037000 08:04 16122312                   /home/nadhel/.gradle/caches/modules-2/files-2.1/org.apache.tomcat.embed/tomcat-embed-el/8.5.32/e4fd0ee015d83fa1c5ec93ff1d05bdaf9a4480c5/tomcat-embed-el-8.5.32.jar
7f531075b000-7f5310784000 r--s 002d3000 08:04 16122310                   /home/nadhel/.gradle/caches/modules-2/files-2.1/org.apache.tomcat.embed/tomcat-embed-core/8.5.32/6bc6896200146010cc4666bdc6b9b0cbb453ee22/tomcat-embed-core-8.5.32.jar
7f5310789000-7f5310799000 r--s 00079000 08:04 16122308                   /home/nadhel/.gradle/caches/modules-2/files-2.1/org.springframework.boot/spring-boot-actuator/1.5.15.RELEASE/85be178d2300533b477127614a18fdba0929fa24/spring-boot-actuator-1.5.15.RELEASE.jar
7f53107a0000-7f53107a1000 r--s 00000000 08:04 16122306                   /home/nadhel/.gradle/caches/modules-2/files-2.1/org.springframework.boot/spring-boot-starter/1.5.15.RELEASE/5b4419f4c8960eafba0b4f588b27dbbde9ea9abd/spring-boot-starter-1.5.15.RELEASE.jar
7f53107a8000-7f53107ac000 r--s 00040000 08:04 16122304                   /home/nadhel/.gradle/caches/modules-2/files-2.1/xalan/serializer/2.7.2/24247f3bb052ee068971393bdb83e04512bb1c3c/serializer-2.7.2.jar
7f53107b1000-7f53107bf000 r--s 00081000 08:04 15991072                   /home/nadhel/.gradle/caches/modules-2/files-2.1/org.grails/grails-datastore-core/6.1.10.RELEASE/b4d509cb463f0d945773cbc27d4be2dc2cc943e3/grails-datastore-core-6.1.10.RELEASE.jar
7f53107c1000-7f53107c2000 r--s 00009000 08:04 16122302                   /home/nadhel/.gradle/caches/modules-2/files-2.1/org.grails/grails-spring/3.3.8/651f0a45cbc62c9c17afb25607e6335c715a41d5/grails-spring-3.3.8.jar
7f53107c2000-7f53107c6000 r--s 0003a000 08:04 11404980                   /home/nadhel/.m2/repository/org/grails/grails-bootstrap/3.3.8/grails-bootstrap-3.3.8.jar
7f53107c6000-7f53107df000 r--s 000fe000 08:04 15991076                   /home/nadhel/.gradle/caches/modules-2/files-2.1/org.springframework/spring-context/4.3.18.RELEASE/d302953b509e6d380856e245bf80c29770c08c98/spring-context-4.3.18.RELEASE.jar
7f53107e5000-7f53107f3000 r--s 000ad000 08:04 15991124                   /home/nadhel/.gradle/caches/modules-2/files-2.1/org.springframework/spring-beans/4.3.18.RELEASE/27460686b16b3ffee60bb3365cd56bba6ed860ff/spring-beans-4.3.18.RELEASE.jar
7f53107fa000-7f5310802000 r--s 0003a000 08:04 15991126                   /home/nadhel/.gradle/caches/modules-2/files-2.1/org.springframework/spring-tx/4.3.18.RELEASE/b6b7938f7d8ba412b6663a8b950592557c2d996e/spring-tx-4.3.18.RELEASE.jar
7f5310806000-7f531081d000 r--s 000fe000 08:04 15991102                   /home/nadhel/.gradle/caches/modules-2/files-2.1/org.springframework/spring-core/4.3.18.RELEASE/4acbce682c3dfe38181d57b7e0792e2cc21e4f77/spring-core-4.3.18.RELEASE.jar
7f5310821000-7f5310825000 r--s 00019000 08:04 15991122                   /home/nadhel/.gradle/caches/modules-2/files-2.1/com.googlecode.concurrentlinkedhashmap/concurrentlinkedhashmap-lru/1.4.2/2eaf3d3c9746d526ff7e5b93931d482c3887e6ac/concurrentlinkedhashmap-lru-1.4.2.jar
7f5310827000-7f531082c000 r--s 00017000 08:04 13501172                   /home/nadhel/.m2/repository/org/hibernate/javax/persistence/hibernate-jpa-2.1-api/1.0.0.Final/hibernate-jpa-2.1-api-1.0.0.Final.jar
7f5310831000-7f5310833000 r--s 00009000 08:04 13501167                   /home/nadhel/.m2/repository/org/slf4j/slf4j-api/1.7.25/slf4j-api-1.7.25.jar
7f5310833000-7f5310880000 r--s 0042b000 08:04 15991012                   /home/nadhel/.gradle/caches/modules-2/files-2.1/org.codehaus.groovy/groovy/2.4.15/74b7e0b99526c569e3a59cb84dbcc6204d601ee6/groovy-2.4.15.jar
7f5310887000-7f5310897000 r--s 00097000 08:04 16122300                   /home/nadhel/.gradle/caches/modules-2/files-2.1/org.springframework.boot/spring-boot/1.5.15.RELEASE/79126cdbd541d1fd9a1497efddb00848bf7b201/spring-boot-1.5.15.RELEASE.jar
7f531089c000-7f531089e000 r--s 00004000 08:04 13501135                   /home/nadhel/.m2/repository/org/slf4j/log4j-over-slf4j/1.7.25/log4j-over-slf4j-1.7.25.jar
7f53108a0000-7f53108a2000 r--s 00000000 08:04 13501134                   /home/nadhel/.m2/repository/org/slf4j/jul-to-slf4j/1.7.25/jul-to-slf4j-1.7.25.jar
7f53108a3000-7f53108a5000 r--s 00003000 08:04 13501168                   /home/nadhel/.m2/repository/org/slf4j/jcl-over-slf4j/1.7.25/jcl-over-slf4j-1.7.25.jar
7f53108a5000-7f53108ac000 r--s 00045000 08:04 13501132                   /home/nadhel/.m2/repository/ch/qos/logback/logback-classic/1.1.11/logback-classic-1.1.11.jar
7f53108b1000-7f53108ba000 r--s 000e9000 08:04 16515097                   /home/nadhel/.gradle/caches/modules-2/files-2.1/mysql/mysql-connector-java/5.1.40/ef2a2ceab1735eaaae0b5d1cccf574fb7c6e1c52/mysql-connector-java-5.1.40.jar
7f53108be000-7f53108c0000 r--s 0001e000 08:04 16122298                   /home/nadhel/.gradle/caches/modules-2/files-2.1/com.bertramlabs.plugins/asset-pipeline-grails/2.14.8/b7a8bc6c1a6d7c499cd1a001d6d886365062b9e7/asset-pipeline-grails-2.14.8.jar
7f53108c2000-7f53108c5000 r--s 00022000 08:04 16122296                   /home/nadhel/.gradle/caches/modules-2/files-2.1/org.apache.tomcat/tomcat-jdbc/8.5.32/9d2bf02f75c1f72b5346b60263d44b1a1ab8da43/tomcat-jdbc-8.5.32.jar
7f53108c7000-7f53108d7000 r--s 001c7000 08:04 16122294                   /home/nadhel/.gradle/caches/modules-2/files-2.1/com.h2database/h2/1.4.197/bb391050048ca8ae3e32451b5a3714ecd3596a46/h2-1.4.197.jar
7f53108d8000-7f53108db000 r--s 00018000 08:04 16122292                   /home/nadhel/.gradle/caches/modules-2/files-2.1/org.glassfish.web/el-impl/2.1.2-b03/6bab1211b6e6b191fdbf06067bd05d2f75a62ac0/el-impl-2.1.2-b03.jar
7f53108dc000-7f53108e5000 r--s 0007c000 08:04 16384073                   /home/nadhel/.gradle/caches/modules-2/files-2.1/org.grails.plugins/spring-security-core/3.2.3/b4b937c45c69c062cb05007edd1fc66b06c7c999/spring-security-core-3.2.3.jar
7f53108eb000-7f53108f0000 r--s 0004b000 08:04 16122290                   /home/nadhel/.gradle/caches/modules-2/files-2.1/org.grails.plugins/gsp/3.3.1/7b40598abe73d8535b2dd4503467d5c0c415b7b5/gsp-3.3.1.jar
7f53108f2000-7f531095e000 r--s 0050a000 08:04 16122288                   /home/nadhel/.gradle/caches/modules-2/files-2.1/org.hibernate/hibernate-core/5.1.5.Final/28366d161d448e82370e5bbd871eb2835ba0fb7b/hibernate-core-5.1.5.Final.jar
7f531095e000-7f531095f000 r--s 00006000 08:04 15991008                   /home/nadhel/.gradle/caches/modules-2/files-2.1/org.grails.plugins/hibernate5/6.1.10/6929b4844ceaa1f933a1cf74e32cca9c007d2bb8/hibernate5-6.1.10.jar
7f5310961000-7f5310962000 r--s 00001000 08:04 16122286                   /home/nadhel/.gradle/caches/modules-2/files-2.1/org.grails.plugins/events/3.3.2/c43aed0886464bc62b8ef2c4963ea1bedeb19e6/events-3.3.2.jar
7f5310966000-7f5310968000 r--s 00006000 08:04 16122284                   /home/nadhel/.gradle/caches/modules-2/files-2.1/org.grails.plugins/scaffolding/3.4.1/3794a2154aa473fd2281e1e36de398815a63e740/scaffolding-3.4.1.jar
7f531096c000-7f531096f000 r--s 0000c000 08:04 16122282                   /home/nadhel/.gradle/caches/modules-2/files-2.1/org.grails.plugins/async/3.3.2/849be6dcabfba176078915404451c4b4479c6d49/async-3.3.2.jar
7f5310971000-7f5310973000 r--s 00011000 08:04 16122280                   /home/nadhel/.gradle/caches/modules-2/files-2.1/org.grails.plugins/cache/4.0.0/72be24e2f8b3e5407048f5cc5186dcd32e8de841/cache-4.0.0.jar
7f5310978000-7f5310979000 r--s 00008000 08:04 16122278                   /home/nadhel/.gradle/caches/modules-2/files-2.1/org.grails/grails-plugin-interceptors/3.3.8/4230f5e53d8c50415f70e84cfc283bbe4a3e73b1/grails-plugin-interceptors-3.3.8.jar
7f531097c000-7f531097e000 r--s 00004000 08:04 16122276                   /home/nadhel/.gradle/caches/modules-2/files-2.1/org.grails/grails-plugin-url-mappings/3.3.8/4f5727cb0224d23640a9483503c837c1cfeb7e5e/grails-plugin-url-mappings-3.3.8.jar
7f5310983000-7f5310985000 r--s 00003000 08:04 16122274                   /home/nadhel/.gradle/caches/modules-2/files-2.1/org.grails/grails-plugin-services/3.3.8/3cb9c7dfc54107346e6deaffcb144f3019096cfa/grails-plugin-services-3.3.8.jar
7f531098b000-7f531098c000 r--s 00003000 08:04 16122272                   /home/nadhel/.gradle/caches/modules-2/files-2.1/org.grails/grails-plugin-i18n/3.3.8/a01c648c61520a89dcbe57b57656ed8d98995852/grails-plugin-i18n-3.3.8.jar
7f531098c000-7f531098d000 r--s 00004000 08:04 16122270                   /home/nadhel/.gradle/caches/modules-2/files-2.1/org.grails/grails-plugin-databinding/3.3.8/5dfc9e914c81c413ebf432e1c5459794ce673291/grails-plugin-databinding-3.3.8.jar
7f5310991000-7f5310995000 r--s 00031000 08:04 16122268                   /home/nadhel/.gradle/caches/modules-2/files-2.1/org.grails/grails-plugin-rest/3.3.8/8c6bc7985e3941e60336443e9f833b29ec573451/grails-plugin-rest-3.3.8.jar
7f5310998000-7f5310999000 r--s 00000000 08:04 16122266                   /home/nadhel/.gradle/caches/modules-2/files-2.1/org.grails/grails-logging/3.3.8/2c8647c42d85b7708d239ba3b2c2b422514f4fe9/grails-logging-3.3.8.jar
7f531099f000-7f53109a2000 ---p 00000000 00:00 0 
7f53109a2000-7f5310aa0000 rw-p 00000000 00:00 0 
7f5310aa0000-7f5310d7d000 r--p 00000000 08:02 4719127                    /usr/lib/locale/locale-archive
7f5310d82000-7f5310d85000 ---p 00000000 00:00 0 
7f5310d85000-7f5310e83000 rw-p 00000000 00:00 0 
7f5310e83000-7f5310e86000 ---p 00000000 00:00 0 
7f5310e86000-7f5310f84000 rw-p 00000000 00:00 0 
7f5310f84000-7f5310f85000 ---p 00000000 00:00 0 
7f5310f85000-7f5311fe3000 rw-p 00000000 00:00 0 
7f5311fe3000-7f53121bd000 r--s 03d6b000 08:02 5379800                    /usr/local/java/jdk1.8.0_181/jre/lib/rt.jar
7f53121c3000-7f5313b43000 rw-p 00000000 00:00 0 
7f5313b43000-7f5313b44000 ---p 00000000 00:00 0 
7f5313b44000-7f5313c44000 rw-p 00000000 00:00 0 
7f5313c44000-7f5313c45000 ---p 00000000 00:00 0 
7f5313c45000-7f5313d45000 rw-p 00000000 00:00 0 
7f5313d45000-7f5313d46000 ---p 00000000 00:00 0 
7f5313d46000-7f5313e46000 rw-p 00000000 00:00 0 
7f5313e46000-7f5313e47000 ---p 00000000 00:00 0 
7f5313e47000-7f5314211000 rw-p 00000000 00:00 0 
7f5314211000-7f5314588000 ---p 00000000 00:00 0 
7f5314588000-7f53157c8000 rwxp 00000000 00:00 0 
7f53157c8000-7f5323588000 ---p 00000000 00:00 0 
7f5323588000-7f53235a3000 r-xp 00000000 08:02 5387773                    /usr/local/java/jdk1.8.0_181/jre/lib/amd64/libzip.so
7f53235a3000-7f53237a3000 ---p 0001b000 08:02 5387773                    /usr/local/java/jdk1.8.0_181/jre/lib/amd64/libzip.so
7f53237a3000-7f53237a4000 rw-p 0001b000 08:02 5387773                    /usr/local/java/jdk1.8.0_181/jre/lib/amd64/libzip.so
7f53237a8000-7f53237b3000 r-xp 00000000 08:02 135768                     /lib/x86_64-linux-gnu/libnss_files-2.23.so
7f53237b3000-7f53239b2000 ---p 0000b000 08:02 135768                     /lib/x86_64-linux-gnu/libnss_files-2.23.so
7f53239b2000-7f53239b3000 r--p 0000a000 08:02 135768                     /lib/x86_64-linux-gnu/libnss_files-2.23.so
7f53239b3000-7f53239b4000 rw-p 0000b000 08:02 135768                     /lib/x86_64-linux-gnu/libnss_files-2.23.so
7f53239b4000-7f53239ba000 rw-p 00000000 00:00 0 
7f53239c0000-7f53239cb000 r-xp 00000000 08:02 135844                     /lib/x86_64-linux-gnu/libnss_nis-2.23.so
7f53239cb000-7f5323bca000 ---p 0000b000 08:02 135844                     /lib/x86_64-linux-gnu/libnss_nis-2.23.so
7f5323bca000-7f5323bcb000 r--p 0000a000 08:02 135844                     /lib/x86_64-linux-gnu/libnss_nis-2.23.so
7f5323bcb000-7f5323bcc000 rw-p 0000b000 08:02 135844                     /lib/x86_64-linux-gnu/libnss_nis-2.23.so
7f5323bd0000-7f5323be6000 r-xp 00000000 08:02 131163                     /lib/x86_64-linux-gnu/libnsl-2.23.so
7f5323be6000-7f5323de5000 ---p 00016000 08:02 131163                     /lib/x86_64-linux-gnu/libnsl-2.23.so
7f5323de5000-7f5323de6000 r--p 00015000 08:02 131163                     /lib/x86_64-linux-gnu/libnsl-2.23.so
7f5323de6000-7f5323de7000 rw-p 00016000 08:02 131163                     /lib/x86_64-linux-gnu/libnsl-2.23.so
7f5323de7000-7f5323de9000 rw-p 00000000 00:00 0 
7f5323df0000-7f5323df8000 r-xp 00000000 08:02 135741                     /lib/x86_64-linux-gnu/libnss_compat-2.23.so
7f5323df8000-7f5323ff7000 ---p 00008000 08:02 135741                     /lib/x86_64-linux-gnu/libnss_compat-2.23.so
7f5323ff7000-7f5323ff8000 r--p 00007000 08:02 135741                     /lib/x86_64-linux-gnu/libnss_compat-2.23.so
7f5323ff8000-7f5323ff9000 rw-p 00008000 08:02 135741                     /lib/x86_64-linux-gnu/libnss_compat-2.23.so
7f5324000000-7f5325a87000 rw-p 00000000 00:00 0 
7f5325a87000-7f5328000000 ---p 00000000 00:00 0 
7f5328001000-7f5328002000 r--s 00001000 08:04 16122264                   /home/nadhel/.gradle/caches/modules-2/files-2.1/org.grails/grails-web-boot/3.3.8/173becb00d5a1d7cb1f1a44533d9ca8efd9843a/grails-web-boot-3.3.8.jar
7f5328008000-7f5328009000 r--s 00000000 08:04 16122262                   /home/nadhel/.gradle/caches/modules-2/files-2.1/org.springframework.boot/spring-boot-starter-tomcat/1.5.15.RELEASE/4e1bf3cd8480137b32c61d6f0fb54a4b81406a80/spring-boot-starter-tomcat-1.5.15.RELEASE.jar
7f5328010000-7f532801e000 r--s 000b0000 08:04 16122258                   /home/nadhel/.gradle/caches/modules-2/files-2.1/org.grails/grails-core/3.3.8/d535a1f07ed1a1ce388bc18c8b63a3f3abd1aeee/grails-core-3.3.8.jar
7f532801e000-7f532803f000 r--s 000e6000 08:04 16122256                   /home/nadhel/.gradle/caches/modules-2/files-2.1/org.springframework.boot/spring-boot-autoconfigure/1.5.15.RELEASE/9cb093e335fc58e61581edcb959813b62731ef8e/spring-boot-autoconfigure-1.5.15.RELEASE.jar
7f5328040000-7f532804a000 r-xp 00000000 08:02 5387782                    /usr/local/java/jdk1.8.0_181/jre/lib/amd64/libinstrument.so
7f532804a000-7f5328249000 ---p 0000a000 08:02 5387782                    /usr/local/java/jdk1.8.0_181/jre/lib/amd64/libinstrument.so
7f5328249000-7f532824a000 rw-p 00009000 08:02 5387782                    /usr/local/java/jdk1.8.0_181/jre/lib/amd64/libinstrument.so
7f5328250000-7f532827b000 r-xp 00000000 08:02 5387767                    /usr/local/java/jdk1.8.0_181/jre/lib/amd64/libjava.so
7f532827b000-7f532847a000 ---p 0002b000 08:02 5387767                    /usr/local/java/jdk1.8.0_181/jre/lib/amd64/libjava.so
7f532847a000-7f532847c000 rw-p 0002a000 08:02 5387767                    /usr/local/java/jdk1.8.0_181/jre/lib/amd64/libjava.so
7f5328480000-7f532848d000 r-xp 00000000 08:02 5387772                    /usr/local/java/jdk1.8.0_181/jre/lib/amd64/libverify.so
7f532848d000-7f532868d000 ---p 0000d000 08:02 5387772                    /usr/local/java/jdk1.8.0_181/jre/lib/amd64/libverify.so
7f532868d000-7f532868f000 rw-p 0000d000 08:02 5387772                    /usr/local/java/jdk1.8.0_181/jre/lib/amd64/libverify.so
7f5328690000-7f5328697000 r-xp 00000000 08:02 135870                     /lib/x86_64-linux-gnu/librt-2.23.so
7f5328697000-7f5328896000 ---p 00007000 08:02 135870                     /lib/x86_64-linux-gnu/librt-2.23.so
7f5328896000-7f5328897000 r--p 00006000 08:02 135870                     /lib/x86_64-linux-gnu/librt-2.23.so
7f5328897000-7f5328898000 rw-p 00007000 08:02 135870                     /lib/x86_64-linux-gnu/librt-2.23.so
7f5328898000-7f53289a0000 r-xp 00000000 08:02 131162                     /lib/x86_64-linux-gnu/libm-2.23.so
7f53289a0000-7f5328b9f000 ---p 00108000 08:02 131162                     /lib/x86_64-linux-gnu/libm-2.23.so
7f5328b9f000-7f5328ba0000 r--p 00107000 08:02 131162                     /lib/x86_64-linux-gnu/libm-2.23.so
7f5328ba0000-7f5328ba1000 rw-p 00108000 08:02 131162                     /lib/x86_64-linux-gnu/libm-2.23.so
7f5328ba8000-7f5329884000 r-xp 00000000 08:02 526383                     /usr/local/java/jdk1.8.0_181/jre/lib/amd64/server/libjvm.so
7f5329884000-7f5329a84000 ---p 00cdc000 08:02 526383                     /usr/local/java/jdk1.8.0_181/jre/lib/amd64/server/libjvm.so
7f5329a84000-7f5329b5e000 rw-p 00cdc000 08:02 526383                     /usr/local/java/jdk1.8.0_181/jre/lib/amd64/server/libjvm.so
7f5329b5e000-7f5329ba9000 rw-p 00000000 00:00 0 
7f5329bb0000-7f5329d70000 r-xp 00000000 08:02 131166                     /lib/x86_64-linux-gnu/libc-2.23.so
7f5329d70000-7f5329f70000 ---p 001c0000 08:02 131166                     /lib/x86_64-linux-gnu/libc-2.23.so
7f5329f70000-7f5329f74000 r--p 001c0000 08:02 131166                     /lib/x86_64-linux-gnu/libc-2.23.so
7f5329f74000-7f5329f76000 rw-p 001c4000 08:02 131166                     /lib/x86_64-linux-gnu/libc-2.23.so
7f5329f76000-7f5329f7a000 rw-p 00000000 00:00 0 
7f5329f80000-7f5329f83000 r-xp 00000000 08:02 131168                     /lib/x86_64-linux-gnu/libdl-2.23.so
7f5329f83000-7f532a182000 ---p 00003000 08:02 131168                     /lib/x86_64-linux-gnu/libdl-2.23.so
7f532a182000-7f532a183000 r--p 00002000 08:02 131168                     /lib/x86_64-linux-gnu/libdl-2.23.so
7f532a183000-7f532a184000 rw-p 00003000 08:02 131168                     /lib/x86_64-linux-gnu/libdl-2.23.so
7f532a188000-7f532a19e000 r-xp 00000000 08:02 5253568                    /usr/local/java/jdk1.8.0_181/lib/amd64/jli/libjli.so
7f532a19e000-7f532a39d000 ---p 00016000 08:02 5253568                    /usr/local/java/jdk1.8.0_181/lib/amd64/jli/libjli.so
7f532a39d000-7f532a39e000 rw-p 00015000 08:02 5253568                    /usr/local/java/jdk1.8.0_181/lib/amd64/jli/libjli.so
7f532a3a0000-7f532a3b8000 r-xp 00000000 08:02 131165                     /lib/x86_64-linux-gnu/libpthread-2.23.so
7f532a3b8000-7f532a5b7000 ---p 00018000 08:02 131165                     /lib/x86_64-linux-gnu/libpthread-2.23.so
7f532a5b7000-7f532a5b8000 r--p 00017000 08:02 131165                     /lib/x86_64-linux-gnu/libpthread-2.23.so
7f532a5b8000-7f532a5b9000 rw-p 00018000 08:02 131165                     /lib/x86_64-linux-gnu/libpthread-2.23.so
7f532a5b9000-7f532a5bd000 rw-p 00000000 00:00 0 
7f532a5c0000-7f532a5e6000 r-xp 00000000 08:02 131164                     /lib/x86_64-linux-gnu/ld-2.23.so
7f532a5e8000-7f532a5e9000 r--s 00000000 08:04 16122260                   /home/nadhel/.gradle/caches/modules-2/files-2.1/org.springframework.boot/spring-boot-starter-actuator/1.5.15.RELEASE/2f2e793c6c4592d99e58cf0668d1fcf2a84247f2/spring-boot-starter-actuator-1.5.15.RELEASE.jar
7f532a5f0000-7f532a5f1000 r--s 00000000 08:04 16122254                   /home/nadhel/.gradle/caches/modules-2/files-2.1/org.springframework.boot/spring-boot-starter-logging/1.5.15.RELEASE/3a0d1b63705bb75ac54884c6c169b1e1908f1375/spring-boot-starter-logging-1.5.15.RELEASE.jar
7f532a5f8000-7f532a6d8000 rw-p 00000000 00:00 0 
7f532a6d8000-7f532a6e0000 rw-s 00000000 08:02 5767201                    /tmp/hsperfdata_nadhel/5038
7f532a6e2000-7f532a6e3000 rw-p 00000000 00:00 0 
7f532a6e3000-7f532a6e4000 r--p 00000000 00:00 0 
7f532a6e4000-7f532a6e7000 ---p 00000000 00:00 0 
7f532a6e7000-7f532a7e5000 rw-p 00000000 00:00 0 
7f532a7e5000-7f532a7e6000 r--p 00025000 08:02 131164                     /lib/x86_64-linux-gnu/ld-2.23.so
7f532a7e6000-7f532a7e7000 rw-p 00026000 08:02 131164                     /lib/x86_64-linux-gnu/ld-2.23.so
7f532a7e7000-7f532a7e9000 rw-p 00000000 00:00 0 
7f532a7e9000-7f532a7ed000 rw-p 00000000 00:00 0 
7ffd9e48a000-7ffd9e4b0000 rw-p 00000000 00:00 0                          [stack]
7ffd9e530000-7ffd9e533000 r--p 00000000 00:00 0                          [vvar]
7ffd9e533000-7ffd9e535000 r-xp 00000000 00:00 0                          [vdso]
ffffffffff600000-ffffffffff601000 r-xp 00000000 00:00 0                  [vsyscall]

VM Arguments:
jvm_args: -Dendpoints.shutdown.enabled=true -Denv=development -Dfull.stacktrace=false -Dgrails.env=development -Dgrails.full.stacktrace=false -Dinfo.app.grailsVersion=3.3.8 -Dinfo.app.name=grails -Dinfo.app.version=0.1 -Djdk.reflect.allowGetCallerClass=true -Drun.active=true -Dserver.port=8081 -Dspring.output.ansi.enabled=always -Dspring.profiles.active -Dspringloaded=inclusions=grails.plugins..*;synchronize=true;allowSplitPackages=true;cacheDir=/home/nadhel/IdeaProjects/grails/build/springloaded -Dverbose=false -XX:+TieredCompilation -XX:TieredStopAtLevel=1 -XX:CICompilerCount=3 -javaagent:/home/nadhel/.gradle/caches/modules-2/files-2.1/org.springframework/springloaded/1.2.8.RELEASE/b60bac05b0451cdc1863bfec617f39aa0dcaaa43/springloaded-1.2.8.RELEASE.jar -Xverify:none -Xms768m -Xmx768m -Dfile.encoding=UTF-8 -Duser.country=FR -Duser.language=fr -Duser.variant 
java_command: grails.Application
java_class_path (initial): /home/nadhel/IdeaProjects/grails/src/main/resources:/home/nadhel/IdeaProjects/grails/grails-app/views:/home/nadhel/IdeaProjects/grails/grails-app/i18n:/home/nadhel/IdeaProjects/grails/grails-app/conf:/home/nadhel/IdeaProjects/grails/build/classes/main:/home/nadhel/IdeaProjects/grails/build/resources/main:/home/nadhel/IdeaProjects/grails/gsp-classes:/home/nadhel/.gradle/caches/modules-2/files-2.1/org.springframework.boot/spring-boot-starter-logging/1.5.15.RELEASE/3a0d1b63705bb75ac54884c6c169b1e1908f1375/spring-boot-starter-logging-1.5.15.RELEASE.jar:/home/nadhel/.gradle/caches/modules-2/files-2.1/org.springframework.boot/spring-boot-autoconfigure/1.5.15.RELEASE/9cb093e335fc58e61581edcb959813b62731ef8e/spring-boot-autoconfigure-1.5.15.RELEASE.jar:/home/nadhel/.gradle/caches/modules-2/files-2.1/org.grails/grails-core/3.3.8/d535a1f07ed1a1ce388bc18c8b63a3f3abd1aeee/grails-core-3.3.8.jar:/home/nadhel/.gradle/caches/modules-2/files-2.1/org.springframework.boot/spring-boot-starter-actuator/1.5.15.RELEASE/2f2e793c6c4592d99e58cf0668d1fcf2a84247f2/spring-boot-starter-actuator-1.5.15.RELEASE.jar:/home/nadhel/.gradle/caches/modules-2/files-2.1/org.springframework.boot/spring-boot-starter-tomcat/1.5.15.RELEASE/4e1bf3cd8480137b32c61d6f0fb54a4b81406a80/spring-boot-starter-tomcat-1.5.15.RELEASE.jar:/home/nadhel/.gradle/caches/modules-2/files-2.1/org.grails/grails-web-boot/3.3.8/173becb00d5a1d7cb1f1a44533d9ca8efd9843a/grails-web-boot-3.3.8.jar:/home/nadhel/.gradle/caches/modules-2/files-2.1/org.grails/grails-logging/3.3.8/2c8647c42d85b7708d239ba3b2c2b422514f4fe9/grails-logging-3.3.8.jar:/home/nadhel/.gradle/caches/modules-2/files-2.1/org.grails/grails-plugin-rest/3.3.8/8c6bc7985e3941e60336443e9f833b29ec573451/grails-plugin-rest-3.3.8.jar:/home/nadhel/.gradle/caches/modules-2/files-2.1/org.grails/grails-plugin-databinding/3.3.8/5dfc9e914c81c413ebf432e1c5459794ce673291/grails-plugin-databinding-3.3.8.jar:/home/nadhel/.gradle/caches/modules-2/files-2.1/org.g
Launcher Type: SUN_STANDARD

Environment Variables:
PATH=/home/nadhel/bin:/home/nadhel/.local/bin:/usr/local/sbin:/usr/local/bin:/usr/sbin:/usr/bin:/sbin:/bin:/usr/games:/usr/local/games:/snap/bin
SHELL=/bin/bash
DISPLAY=:0

Signal Handlers:
SIGSEGV: [libjvm.so+0xad2a40], sa_mask[0]=11111111011111111101111111111110, sa_flags=SA_RESTART|SA_SIGINFO
SIGBUS: [libjvm.so+0xad2a40], sa_mask[0]=11111111011111111101111111111110, sa_flags=SA_RESTART|SA_SIGINFO
SIGFPE: [libjvm.so+0x92a610], sa_mask[0]=11111111011111111101111111111110, sa_flags=SA_RESTART|SA_SIGINFO
SIGPIPE: [libjvm.so+0x92a610], sa_mask[0]=11111111011111111101111111111110, sa_flags=SA_RESTART|SA_SIGINFO
SIGXFSZ: [libjvm.so+0x92a610], sa_mask[0]=11111111011111111101111111111110, sa_flags=SA_RESTART|SA_SIGINFO
SIGILL: [libjvm.so+0x92a610], sa_mask[0]=11111111011111111101111111111110, sa_flags=SA_RESTART|SA_SIGINFO
SIGUSR1: SIG_DFL, sa_mask[0]=00000000000000000000000000000000, sa_flags=none
SIGUSR2: [libjvm.so+0x92be70], sa_mask[0]=00100000000000000000000000000000, sa_flags=SA_RESTART|SA_SIGINFO
SIGHUP: [libjvm.so+0x92d270], sa_mask[0]=11111111011111111101111111111110, sa_flags=SA_RESTART|SA_SIGINFO
SIGINT: [libjvm.so+0x92d270], sa_mask[0]=11111111011111111101111111111110, sa_flags=SA_RESTART|SA_SIGINFO
SIGTERM: [libjvm.so+0x92d270], sa_mask[0]=11111111011111111101111111111110, sa_flags=SA_RESTART|SA_SIGINFO
SIGQUIT: [libjvm.so+0x92d270], sa_mask[0]=11111111011111111101111111111110, sa_flags=SA_RESTART|SA_SIGINFO


---------------  S Y S T E M  ---------------

OS:DISTRIB_ID=Ubuntu
DISTRIB_RELEASE=16.04
DISTRIB_CODENAME=xenial
DISTRIB_DESCRIPTION="Ubuntu 16.04.3 LTS"

uname:Linux 4.15.0-34-generic #37~16.04.1-Ubuntu SMP Tue Aug 28 10:44:06 UTC 2018 x86_64
libc:glibc 2.23 NPTL 2.23 
rlimit: STACK 8192k, CORE 0k, NPROC 27368, NOFILE 1048576, AS infinity
load average:1,28 1,52 1,47

/proc/meminfo:
MemTotal:        7065680 kB
MemFree:          928308 kB
MemAvailable:    1751688 kB
Buffers:           55516 kB
Cached:           967932 kB
SwapCached:          744 kB
Active:          5128524 kB
Inactive:         695820 kB
Active(anon):    4447472 kB
Inactive(anon):   385912 kB
Active(file):     681052 kB
Inactive(file):   309908 kB
Unevictable:          96 kB
Mlocked:              96 kB
SwapTotal:       3998716 kB
SwapFree:        3994096 kB
Dirty:               596 kB
Writeback:             0 kB
AnonPages:       4800344 kB
Mapped:           571224 kB
Shmem:             95836 kB
Slab:             150708 kB
SReclaimable:     103480 kB
SUnreclaim:        47228 kB
KernelStack:       14928 kB
PageTables:        58428 kB
NFS_Unstable:          0 kB
Bounce:                0 kB
WritebackTmp:          0 kB
CommitLimit:     7531556 kB
Committed_AS:   12040924 kB
VmallocTotal:   34359738367 kB
VmallocUsed:           0 kB
VmallocChunk:          0 kB
HardwareCorrupted:     0 kB
AnonHugePages:      2048 kB
ShmemHugePages:        0 kB
ShmemPmdMapped:        0 kB
CmaTotal:              0 kB
CmaFree:               0 kB
HugePages_Total:       0
HugePages_Free:        0
HugePages_Rsvd:        0
HugePages_Surp:        0
Hugepagesize:       2048 kB
DirectMap4k:      373760 kB
DirectMap2M:     6895616 kB
DirectMap1G:     1048576 kB


CPU:total 4 (initial active 4) (4 cores per cpu, 1 threads per core) family 21 model 48 stepping 1, cmov, cx8, fxsr, mmx, sse, sse2, sse3, ssse3, sse4.1, sse4.2, popcnt, avx, aes, clmul, mmxext, 3dnowpref, lzcnt, sse4a, tsc, tscinvbit, tscinv, bmi1

/proc/cpuinfo:
processor	: 0
vendor_id	: AuthenticAMD
cpu family	: 21
model		: 48
model name	: AMD FX-7500 Radeon R7, 10 Compute Cores 4C+6G
stepping	: 1
microcode	: 0x6003106
cpu MHz		: 1359.999
cache size	: 2048 KB
physical id	: 0
siblings	: 4
core id		: 0
cpu cores	: 2
apicid		: 16
initial apicid	: 0
fpu		: yes
fpu_exception	: yes
cpuid level	: 13
wp		: yes
flags		: fpu vme de pse tsc msr pae mce cx8 apic sep mtrr pge mca cmov pat pse36 clflush mmx fxsr sse sse2 ht syscall nx mmxext fxsr_opt pdpe1gb rdtscp lm constant_tsc rep_good nopl nonstop_tsc cpuid extd_apicid aperfmperf pni pclmulqdq monitor ssse3 fma cx16 sse4_1 sse4_2 popcnt aes xsave avx f16c lahf_lm cmp_legacy svm extapic cr8_legacy abm sse4a misalignsse 3dnowprefetch osvw ibs xop skinit wdt lwp fma4 tce nodeid_msr tbm topoext perfctr_core perfctr_nb bpext ptsc cpb hw_pstate ssbd vmmcall fsgsbase bmi1 xsaveopt arat npt lbrv svm_lock nrip_save tsc_scale vmcb_clean flushbyasid decodeassists pausefilter pfthreshold overflow_recov
bugs		: fxsave_leak sysret_ss_attrs null_seg spectre_v1 spectre_v2 spec_store_bypass
bogomips	: 4192.18
TLB size	: 1536 4K pages
clflush size	: 64
cache_alignment	: 64
address sizes	: 48 bits physical, 48 bits virtual
power management: ts ttp tm 100mhzsteps hwpstate cpb eff_freq_ro [13]

processor	: 1
vendor_id	: AuthenticAMD
cpu family	: 21
model		: 48
model name	: AMD FX-7500 Radeon R7, 10 Compute Cores 4C+6G
stepping	: 1
microcode	: 0x6003106
cpu MHz		: 1412.244
cache size	: 2048 KB
physical id	: 0
siblings	: 4
core id		: 1
cpu cores	: 2
apicid		: 17
initial apicid	: 1
fpu		: yes
fpu_exception	: yes
cpuid level	: 13
wp		: yes
flags		: fpu vme de pse tsc msr pae mce cx8 apic sep mtrr pge mca cmov pat pse36 clflush mmx fxsr sse sse2 ht syscall nx mmxext fxsr_opt pdpe1gb rdtscp lm constant_tsc rep_good nopl nonstop_tsc cpuid extd_apicid aperfmperf pni pclmulqdq monitor ssse3 fma cx16 sse4_1 sse4_2 popcnt aes xsave avx f16c lahf_lm cmp_legacy svm extapic cr8_legacy abm sse4a misalignsse 3dnowprefetch osvw ibs xop skinit wdt lwp fma4 tce nodeid_msr tbm topoext perfctr_core perfctr_nb bpext ptsc cpb hw_pstate ssbd vmmcall fsgsbase bmi1 xsaveopt arat npt lbrv svm_lock nrip_save tsc_scale vmcb_clean flushbyasid decodeassists pausefilter pfthreshold overflow_recov
bugs		: fxsave_leak sysret_ss_attrs null_seg spectre_v1 spectre_v2 spec_store_bypass
bogomips	: 4192.18
TLB size	: 1536 4K pages
clflush size	: 64
cache_alignment	: 64
address sizes	: 48 bits physical, 48 bits virtual
power management: ts ttp tm 100mhzsteps hwpstate cpb eff_freq_ro [13]

processor	: 2
vendor_id	: AuthenticAMD
cpu family	: 21
model		: 48
model name	: AMD FX-7500 Radeon R7, 10 Compute Cores 4C+6G
stepping	: 1
microcode	: 0x6003106
cpu MHz		: 1233.384
cache size	: 2048 KB
physical id	: 0
siblings	: 4
core id		: 2
cpu cores	: 2
apicid		: 18
initial apicid	: 2
fpu		: yes
fpu_exception	: yes
cpuid level	: 13
wp		: yes
flags		: fpu vme de pse tsc msr pae mce cx8 apic sep mtrr pge mca cmov pat pse36 clflush mmx fxsr sse sse2 ht syscall nx mmxext fxsr_opt pdpe1gb rdtscp lm constant_tsc rep_good nopl nonstop_tsc cpuid extd_apicid aperfmperf pni pclmulqdq monitor ssse3 fma cx16 sse4_1 sse4_2 popcnt aes xsave avx f16c lahf_lm cmp_legacy svm extapic cr8_legacy abm sse4a misalignsse 3dnowprefetch osvw ibs xop skinit wdt lwp fma4 tce nodeid_msr tbm topoext perfctr_core perfctr_nb bpext ptsc cpb hw_pstate ssbd vmmcall fsgsbase bmi1 xsaveopt arat npt lbrv svm_lock nrip_save tsc_scale vmcb_clean flushbyasid decodeassists pausefilter pfthreshold overflow_recov
bugs		: fxsave_leak sysret_ss_attrs null_seg spectre_v1 spectre_v2 spec_store_bypass
bogomips	: 4192.18
TLB size	: 1536 4K pages
clflush size	: 64
cache_alignment	: 64
address sizes	: 48 bits physical, 48 bits virtual
power management: ts ttp tm 100mhzsteps hwpstate cpb eff_freq_ro [13]

processor	: 3
vendor_id	: AuthenticAMD
cpu family	: 21
model		: 48
model name	: AMD FX-7500 Radeon R7, 10 Compute Cores 4C+6G
stepping	: 1
microcode	: 0x6003106
cpu MHz		: 1140.724
cache size	: 2048 KB
physical id	: 0
siblings	: 4
core id		: 3
cpu cores	: 2
apicid		: 19
initial apicid	: 3
fpu		: yes
fpu_exception	: yes
cpuid level	: 13
wp		: yes
flags		: fpu vme de pse tsc msr pae mce cx8 apic sep mtrr pge mca cmov pat pse36 clflush mmx fxsr sse sse2 ht syscall nx mmxext fxsr_opt pdpe1gb rdtscp lm constant_tsc rep_good nopl nonstop_tsc cpuid extd_apicid aperfmperf pni pclmulqdq monitor ssse3 fma cx16 sse4_1 sse4_2 popcnt aes xsave avx f16c lahf_lm cmp_legacy svm extapic cr8_legacy abm sse4a misalignsse 3dnowprefetch osvw ibs xop skinit wdt lwp fma4 tce nodeid_msr tbm topoext perfctr_core perfctr_nb bpext ptsc cpb hw_pstate ssbd vmmcall fsgsbase bmi1 xsaveopt arat npt lbrv svm_lock nrip_save tsc_scale vmcb_clean flushbyasid decodeassists pausefilter pfthreshold overflow_recov
bugs		: fxsave_leak sysret_ss_attrs null_seg spectre_v1 spectre_v2 spec_store_bypass
bogomips	: 4192.18
TLB size	: 1536 4K pages
clflush size	: 64
cache_alignment	: 64
address sizes	: 48 bits physical, 48 bits virtual
power management: ts ttp tm 100mhzsteps hwpstate cpb eff_freq_ro [13]



Memory: 4k page, physical 7065680k(928308k free), swap 3998716k(3994096k free)

vm_info: Java HotSpot(TM) 64-Bit Server VM (25.181-b13) for linux-amd64 JRE (1.8.0_181-b13), built on Jul  7 2018 00:56:38 by "java_re" with gcc 4.3.0 20080428 (Red Hat 4.3.0-8)

time: Sat Sep 29 21:35:56 2018
elapsed time: 425 seconds (0d 0h 7m 5s)

